<?xml version="1.0" encoding="UTF-8"?>
<robot generator="Robot 4.1.1 (Python 3.9.6 on win32)" generated="20220125 17:52:15.697" rpa="false" schemaversion="2">
<suite id="s1" name="Administration" source="C:\Users\Bhanu.Battu\PycharmProjects\TestProject\TestCases\Administration">
<suite id="s1-s1" name="Admin-ManageOrganizations" source="C:\Users\Bhanu.Battu\PycharmProjects\TestProject\TestCases\Administration\Admin-ManageOrganizations.robot">
<test id="s1-s1-t1" name="Verify Admin user Dashboard">
<kw name="Log To Console" library="BuiltIn">
<arg>**** Test case -1 is started *****</arg>
<doc>Logs the given message to the console.</doc>
<status status="PASS" starttime="20220125 17:52:15.983" endtime="20220125 17:52:15.983"/>
</kw>
<kw name="Open CTS Portal to Login">
<tag>Functional</tag>
<tag>Regression</tag>
<tag>Sanity</tag>
<kw name="Open Browser" library="SeleniumLibrary">
<arg>https://htcinc-cloud.caretech.com/cvcs/portal/#/cz/login</arg>
<arg>chrome</arg>
<doc>Opens a new browser instance to the optional ``url``.</doc>
<msg timestamp="20220125 17:52:15.984" level="INFO">Opening browser 'chrome' to base url 'https://htcinc-cloud.caretech.com/cvcs/portal/#/cz/login'.</msg>
<status status="PASS" starttime="20220125 17:52:15.984" endtime="20220125 17:52:18.524"/>
</kw>
<kw name="Maximize Browser Window" library="SeleniumLibrary">
<doc>Maximizes current browser window.</doc>
<status status="PASS" starttime="20220125 17:52:18.524" endtime="20220125 17:52:18.718"/>
</kw>
<status status="PASS" starttime="20220125 17:52:15.983" endtime="20220125 17:52:18.720"/>
</kw>
<kw name="Enter Admin Crendetials in CTS Login Page">
<kw name="Input Text" library="SeleniumLibrary">
<arg>xpath://*[@id='main_content']/app-login/div[2]/div/div[2]/div/div/div/div[2]/div/form/div[1]/input</arg>
<arg>LauC</arg>
<doc>Types the given ``text`` into the text field identified by ``locator``.</doc>
<msg timestamp="20220125 17:52:18.724" level="INFO">Typing text 'LauC' into text field 'xpath://*[@id='main_content']/app-login/div[2]/div/div[2]/div/div/div/div[2]/div/form/div[1]/input'.</msg>
<status status="PASS" starttime="20220125 17:52:18.722" endtime="20220125 17:52:18.926"/>
</kw>
<kw name="Input Text" library="SeleniumLibrary">
<arg>xpath://*[@id='main_content']/app-login/div[2]/div/div[2]/div/div/div/div[2]/div/form/div[2]/input</arg>
<arg>cvcs123</arg>
<doc>Types the given ``text`` into the text field identified by ``locator``.</doc>
<msg timestamp="20220125 17:52:18.926" level="INFO">Typing text 'cvcs123' into text field 'xpath://*[@id='main_content']/app-login/div[2]/div/div[2]/div/div/div/div[2]/div/form/div[2]/input'.</msg>
<status status="PASS" starttime="20220125 17:52:18.926" endtime="20220125 17:52:19.216"/>
</kw>
<kw name="Capture Page Screenshot" library="SeleniumLibrary">
<doc>Takes a screenshot of the current page and embeds it into a log file.</doc>
<msg timestamp="20220125 17:52:19.792" level="INFO" html="true">&lt;/td&gt;&lt;/tr&gt;&lt;tr&gt;&lt;td colspan="3"&gt;&lt;a href="selenium-screenshot-1.png"&gt;&lt;img src="selenium-screenshot-1.png" width="800px"&gt;&lt;/a&gt;</msg>
<status status="PASS" starttime="20220125 17:52:19.217" endtime="20220125 17:52:19.792"/>
</kw>
<kw name="Click Button" library="SeleniumLibrary">
<arg>Login</arg>
<doc>Clicks the button identified by ``locator``.</doc>
<msg timestamp="20220125 17:52:19.793" level="INFO">Clicking button 'Login'.</msg>
<status status="PASS" starttime="20220125 17:52:19.793" endtime="20220125 17:52:20.085"/>
</kw>
<status status="PASS" starttime="20220125 17:52:18.721" endtime="20220125 17:52:20.086"/>
</kw>
<kw name="Admin DASHBOARD in CTS">
<kw name="Switch Window" library="SeleniumLibrary">
<arg>title=MICAVS</arg>
<doc>Switches to browser window matching ``locator``.</doc>
<status status="PASS" starttime="20220125 17:52:20.087" endtime="20220125 17:52:20.511"/>
</kw>
<kw name="Sleep" library="BuiltIn">
<arg>25s</arg>
<doc>Pauses the test executed for the given time.</doc>
<msg timestamp="20220125 17:52:45.512" level="INFO">Slept 25 seconds</msg>
<status status="PASS" starttime="20220125 17:52:20.511" endtime="20220125 17:52:45.513"/>
</kw>
<kw name="Capture Page Screenshot" library="SeleniumLibrary">
<doc>Takes a screenshot of the current page and embeds it into a log file.</doc>
<msg timestamp="20220125 17:52:45.656" level="INFO" html="true">&lt;/td&gt;&lt;/tr&gt;&lt;tr&gt;&lt;td colspan="3"&gt;&lt;a href="selenium-screenshot-2.png"&gt;&lt;img src="selenium-screenshot-2.png" width="800px"&gt;&lt;/a&gt;</msg>
<status status="PASS" starttime="20220125 17:52:45.513" endtime="20220125 17:52:45.656"/>
</kw>
<kw name="Click Element" library="SeleniumLibrary">
<arg>xpath://*[@id="main_content"]/app-secured/section/app-dashboard/div[2]/app-user-statics/div/div/div/app-items/div[1]/div/a/div</arg>
<doc>Click the element identified by ``locator``.</doc>
<msg timestamp="20220125 17:52:45.657" level="INFO">Clicking element 'xpath://*[@id="main_content"]/app-secured/section/app-dashboard/div[2]/app-user-statics/div/div/div/app-items/div[1]/div/a/div'.</msg>
<status status="PASS" starttime="20220125 17:52:45.656" endtime="20220125 17:52:45.759"/>
</kw>
<status status="PASS" starttime="20220125 17:52:20.087" endtime="20220125 17:52:45.760"/>
</kw>
<kw name="Log To Console" library="BuiltIn">
<arg>**** Test case is Passed ****</arg>
<doc>Logs the given message to the console.</doc>
<status status="PASS" starttime="20220125 17:52:45.760" endtime="20220125 17:52:45.760"/>
</kw>
<kw name="Close All Browsers" library="SeleniumLibrary">
<doc>Closes all open browsers and resets the browser cache.</doc>
<status status="PASS" starttime="20220125 17:52:45.761" endtime="20220125 17:52:47.979"/>
</kw>
<tag>Functional</tag>
<tag>Regression</tag>
<tag>Sanity</tag>
<status status="PASS" starttime="20220125 17:52:15.982" endtime="20220125 17:52:47.980"/>
</test>
<test id="s1-s1-t2" name="Veriy Administartion list of Modules">
<kw name="Log To Console" library="BuiltIn">
<arg>**** Test Case -2 is started ****</arg>
<doc>Logs the given message to the console.</doc>
<status status="PASS" starttime="20220125 17:52:47.984" endtime="20220125 17:52:47.986"/>
</kw>
<kw name="Open CTS Portal to Login">
<tag>Functional</tag>
<tag>Regression</tag>
<tag>Sanity</tag>
<kw name="Open Browser" library="SeleniumLibrary">
<arg>https://htcinc-cloud.caretech.com/cvcs/portal/#/cz/login</arg>
<arg>chrome</arg>
<doc>Opens a new browser instance to the optional ``url``.</doc>
<msg timestamp="20220125 17:52:47.988" level="INFO">Opening browser 'chrome' to base url 'https://htcinc-cloud.caretech.com/cvcs/portal/#/cz/login'.</msg>
<status status="PASS" starttime="20220125 17:52:47.988" endtime="20220125 17:52:50.786"/>
</kw>
<kw name="Maximize Browser Window" library="SeleniumLibrary">
<doc>Maximizes current browser window.</doc>
<status status="PASS" starttime="20220125 17:52:50.786" endtime="20220125 17:52:50.930"/>
</kw>
<status status="PASS" starttime="20220125 17:52:47.986" endtime="20220125 17:52:50.932"/>
</kw>
<kw name="Enter Admin Crendetials in CTS Login Page">
<kw name="Input Text" library="SeleniumLibrary">
<arg>xpath://*[@id='main_content']/app-login/div[2]/div/div[2]/div/div/div/div[2]/div/form/div[1]/input</arg>
<arg>LauC</arg>
<doc>Types the given ``text`` into the text field identified by ``locator``.</doc>
<msg timestamp="20220125 17:52:50.935" level="INFO">Typing text 'LauC' into text field 'xpath://*[@id='main_content']/app-login/div[2]/div/div[2]/div/div/div/div[2]/div/form/div[1]/input'.</msg>
<status status="PASS" starttime="20220125 17:52:50.933" endtime="20220125 17:52:51.068"/>
</kw>
<kw name="Input Text" library="SeleniumLibrary">
<arg>xpath://*[@id='main_content']/app-login/div[2]/div/div[2]/div/div/div/div[2]/div/form/div[2]/input</arg>
<arg>cvcs123</arg>
<doc>Types the given ``text`` into the text field identified by ``locator``.</doc>
<msg timestamp="20220125 17:52:51.068" level="INFO">Typing text 'cvcs123' into text field 'xpath://*[@id='main_content']/app-login/div[2]/div/div[2]/div/div/div/div[2]/div/form/div[2]/input'.</msg>
<status status="PASS" starttime="20220125 17:52:51.068" endtime="20220125 17:52:51.169"/>
</kw>
<kw name="Capture Page Screenshot" library="SeleniumLibrary">
<doc>Takes a screenshot of the current page and embeds it into a log file.</doc>
<msg timestamp="20220125 17:52:51.515" level="INFO" html="true">&lt;/td&gt;&lt;/tr&gt;&lt;tr&gt;&lt;td colspan="3"&gt;&lt;a href="selenium-screenshot-3.png"&gt;&lt;img src="selenium-screenshot-3.png" width="800px"&gt;&lt;/a&gt;</msg>
<status status="PASS" starttime="20220125 17:52:51.170" endtime="20220125 17:52:51.516"/>
</kw>
<kw name="Click Button" library="SeleniumLibrary">
<arg>Login</arg>
<doc>Clicks the button identified by ``locator``.</doc>
<msg timestamp="20220125 17:52:51.516" level="INFO">Clicking button 'Login'.</msg>
<status status="PASS" starttime="20220125 17:52:51.516" endtime="20220125 17:52:51.771"/>
</kw>
<status status="PASS" starttime="20220125 17:52:50.932" endtime="20220125 17:52:51.772"/>
</kw>
<kw name="Admin DASHBOARD in CTS">
<kw name="Switch Window" library="SeleniumLibrary">
<arg>title=MICAVS</arg>
<doc>Switches to browser window matching ``locator``.</doc>
<status status="PASS" starttime="20220125 17:52:51.773" endtime="20220125 17:52:51.854"/>
</kw>
<kw name="Sleep" library="BuiltIn">
<arg>25s</arg>
<doc>Pauses the test executed for the given time.</doc>
<msg timestamp="20220125 17:53:16.867" level="INFO">Slept 25 seconds</msg>
<status status="PASS" starttime="20220125 17:52:51.855" endtime="20220125 17:53:16.867"/>
</kw>
<kw name="Capture Page Screenshot" library="SeleniumLibrary">
<doc>Takes a screenshot of the current page and embeds it into a log file.</doc>
<msg timestamp="20220125 17:53:17.023" level="INFO" html="true">&lt;/td&gt;&lt;/tr&gt;&lt;tr&gt;&lt;td colspan="3"&gt;&lt;a href="selenium-screenshot-4.png"&gt;&lt;img src="selenium-screenshot-4.png" width="800px"&gt;&lt;/a&gt;</msg>
<status status="PASS" starttime="20220125 17:53:16.867" endtime="20220125 17:53:17.023"/>
</kw>
<kw name="Click Element" library="SeleniumLibrary">
<arg>xpath://*[@id="main_content"]/app-secured/section/app-dashboard/div[2]/app-user-statics/div/div/div/app-items/div[1]/div/a/div</arg>
<doc>Click the element identified by ``locator``.</doc>
<msg timestamp="20220125 17:53:17.023" level="INFO">Clicking element 'xpath://*[@id="main_content"]/app-secured/section/app-dashboard/div[2]/app-user-statics/div/div/div/app-items/div[1]/div/a/div'.</msg>
<status status="PASS" starttime="20220125 17:53:17.023" endtime="20220125 17:53:17.122"/>
</kw>
<status status="PASS" starttime="20220125 17:52:51.773" endtime="20220125 17:53:17.122"/>
</kw>
<kw name="List of Administartion-Admin Modules">
<kw name="Sleep" library="BuiltIn">
<arg>10s</arg>
<doc>Pauses the test executed for the given time.</doc>
<msg timestamp="20220125 17:53:27.146" level="INFO">Slept 10 seconds</msg>
<status status="PASS" starttime="20220125 17:53:17.123" endtime="20220125 17:53:27.146"/>
</kw>
<kw name="Page Should Contain Element" library="SeleniumLibrary">
<arg>//*[@id="main_content"]/app-secured/section/app-idams/div[1]/cvcs-page-title/div/div/div[1]/div/div/span[1]/h4</arg>
<doc>Verifies that element ``locator`` is found on the current page.</doc>
<msg timestamp="20220125 17:53:27.161" level="INFO">Current page contains element '//*[@id="main_content"]/app-secured/section/app-idams/div[1]/cvcs-page-title/div/div/div[1]/div/div/span[1]/h4'.</msg>
<status status="PASS" starttime="20220125 17:53:27.146" endtime="20220125 17:53:27.162"/>
</kw>
<kw name="Log To Console" library="BuiltIn">
<arg>Admin Dashboard page navigated to Admmin Module</arg>
<doc>Logs the given message to the console.</doc>
<status status="PASS" starttime="20220125 17:53:27.162" endtime="20220125 17:53:27.162"/>
</kw>
<kw name="Capture Page Screenshot" library="SeleniumLibrary">
<doc>Takes a screenshot of the current page and embeds it into a log file.</doc>
<msg timestamp="20220125 17:53:27.357" level="INFO" html="true">&lt;/td&gt;&lt;/tr&gt;&lt;tr&gt;&lt;td colspan="3"&gt;&lt;a href="selenium-screenshot-5.png"&gt;&lt;img src="selenium-screenshot-5.png" width="800px"&gt;&lt;/a&gt;</msg>
<status status="PASS" starttime="20220125 17:53:27.162" endtime="20220125 17:53:27.357"/>
</kw>
<status status="PASS" starttime="20220125 17:53:17.123" endtime="20220125 17:53:27.357"/>
</kw>
<kw name="Log To Console" library="BuiltIn">
<arg>**** Test case is Passed *****</arg>
<doc>Logs the given message to the console.</doc>
<status status="PASS" starttime="20220125 17:53:27.357" endtime="20220125 17:53:27.357"/>
</kw>
<kw name="Close All Browsers" library="SeleniumLibrary">
<doc>Closes all open browsers and resets the browser cache.</doc>
<status status="PASS" starttime="20220125 17:53:27.358" endtime="20220125 17:53:29.564"/>
</kw>
<tag>Functional</tag>
<tag>Regression</tag>
<tag>Sanity</tag>
<status status="PASS" starttime="20220125 17:52:47.983" endtime="20220125 17:53:29.564"/>
</test>
<test id="s1-s1-t3" name="Veriy Administartion - Admin Manage Organizations - Existing Organizations details and count">
<kw name="Log To Console" library="BuiltIn">
<arg>**** Test Case -3 is started ****</arg>
<doc>Logs the given message to the console.</doc>
<status status="PASS" starttime="20220125 17:53:29.566" endtime="20220125 17:53:29.566"/>
</kw>
<kw name="Open CTS Portal to Login">
<tag>Functional</tag>
<tag>Regression</tag>
<tag>Sanity</tag>
<kw name="Open Browser" library="SeleniumLibrary">
<arg>https://htcinc-cloud.caretech.com/cvcs/portal/#/cz/login</arg>
<arg>chrome</arg>
<doc>Opens a new browser instance to the optional ``url``.</doc>
<msg timestamp="20220125 17:53:29.566" level="INFO">Opening browser 'chrome' to base url 'https://htcinc-cloud.caretech.com/cvcs/portal/#/cz/login'.</msg>
<kw name="Capture Page Screenshot" library="SeleniumLibrary">
<doc>Takes a screenshot of the current page and embeds it into a log file.</doc>
<msg timestamp="20220125 17:54:32.409" level="INFO">Cannot capture screenshot because no browser is open.</msg>
<status status="PASS" starttime="20220125 17:54:32.409" endtime="20220125 17:54:32.409"/>
</kw>
<msg timestamp="20220125 17:54:32.452" level="FAIL">WebDriverException: Message: unknown error: DevToolsActivePort file doesn't exist
</msg>
<status status="FAIL" starttime="20220125 17:53:29.566" endtime="20220125 17:54:32.452"/>
</kw>
<kw name="Maximize Browser Window" library="SeleniumLibrary">
<doc>Maximizes current browser window.</doc>
<status status="NOT RUN" starttime="20220125 17:54:32.452" endtime="20220125 17:54:32.452"/>
</kw>
<status status="FAIL" starttime="20220125 17:53:29.566" endtime="20220125 17:54:32.452"/>
</kw>
<kw name="Enter Admin Crendetials in CTS Login Page">
<status status="NOT RUN" starttime="20220125 17:54:32.452" endtime="20220125 17:54:32.452"/>
</kw>
<kw name="Admin DASHBOARD in CTS">
<status status="NOT RUN" starttime="20220125 17:54:32.452" endtime="20220125 17:54:32.452"/>
</kw>
<kw name="List of Administartion-Admin Modules">
<status status="NOT RUN" starttime="20220125 17:54:32.452" endtime="20220125 17:54:32.452"/>
</kw>
<kw name="Admin - Manage Organizations link in Admin page and Click Manage Organizations link">
<status status="NOT RUN" starttime="20220125 17:54:32.452" endtime="20220125 17:54:32.452"/>
</kw>
<kw name="Existing Manage Organizations and Count should be in Admin-Mangae Organizations page">
<status status="NOT RUN" starttime="20220125 17:54:32.452" endtime="20220125 17:54:32.452"/>
</kw>
<kw name="Close All Browsers" library="SeleniumLibrary">
<doc>Closes all open browsers and resets the browser cache.</doc>
<status status="NOT RUN" starttime="20220125 17:54:32.452" endtime="20220125 17:54:32.452"/>
</kw>
<tag>Functional</tag>
<tag>Regression</tag>
<tag>Sanity</tag>
<status status="FAIL" starttime="20220125 17:53:29.565" endtime="20220125 17:54:32.452">WebDriverException: Message: unknown error: DevToolsActivePort file doesn't exist
</status>
</test>
<test id="s1-s1-t4" name="Veriy Administartion - Existing - Admin Manage Organizations details in all web table pages">
<kw name="Log To Console" library="BuiltIn">
<arg>**** Test Case -3.1 is started ****</arg>
<doc>Logs the given message to the console.</doc>
<status status="PASS" starttime="20220125 17:54:32.452" endtime="20220125 17:54:32.452"/>
</kw>
<kw name="Open CTS Portal to Login">
<tag>Functional</tag>
<tag>Regression</tag>
<tag>Sanity</tag>
<kw name="Open Browser" library="SeleniumLibrary">
<arg>https://htcinc-cloud.caretech.com/cvcs/portal/#/cz/login</arg>
<arg>chrome</arg>
<doc>Opens a new browser instance to the optional ``url``.</doc>
<msg timestamp="20220125 17:54:32.452" level="INFO">Opening browser 'chrome' to base url 'https://htcinc-cloud.caretech.com/cvcs/portal/#/cz/login'.</msg>
<status status="PASS" starttime="20220125 17:54:32.452" endtime="20220125 17:55:33.427"/>
</kw>
<kw name="Maximize Browser Window" library="SeleniumLibrary">
<doc>Maximizes current browser window.</doc>
<status status="PASS" starttime="20220125 17:55:33.427" endtime="20220125 17:55:33.717"/>
</kw>
<status status="PASS" starttime="20220125 17:54:32.452" endtime="20220125 17:55:33.717"/>
</kw>
<kw name="Enter Admin Crendetials in CTS Login Page">
<kw name="Input Text" library="SeleniumLibrary">
<arg>xpath://*[@id='main_content']/app-login/div[2]/div/div[2]/div/div/div/div[2]/div/form/div[1]/input</arg>
<arg>LauC</arg>
<doc>Types the given ``text`` into the text field identified by ``locator``.</doc>
<msg timestamp="20220125 17:55:33.720" level="INFO">Typing text 'LauC' into text field 'xpath://*[@id='main_content']/app-login/div[2]/div/div[2]/div/div/div/div[2]/div/form/div[1]/input'.</msg>
<status status="PASS" starttime="20220125 17:55:33.720" endtime="20220125 17:55:33.997"/>
</kw>
<kw name="Input Text" library="SeleniumLibrary">
<arg>xpath://*[@id='main_content']/app-login/div[2]/div/div[2]/div/div/div/div[2]/div/form/div[2]/input</arg>
<arg>cvcs123</arg>
<doc>Types the given ``text`` into the text field identified by ``locator``.</doc>
<msg timestamp="20220125 17:55:33.998" level="INFO">Typing text 'cvcs123' into text field 'xpath://*[@id='main_content']/app-login/div[2]/div/div[2]/div/div/div/div[2]/div/form/div[2]/input'.</msg>
<status status="PASS" starttime="20220125 17:55:33.997" endtime="20220125 17:55:34.279"/>
</kw>
<kw name="Capture Page Screenshot" library="SeleniumLibrary">
<doc>Takes a screenshot of the current page and embeds it into a log file.</doc>
<msg timestamp="20220125 17:55:34.599" level="INFO" html="true">&lt;/td&gt;&lt;/tr&gt;&lt;tr&gt;&lt;td colspan="3"&gt;&lt;a href="selenium-screenshot-6.png"&gt;&lt;img src="selenium-screenshot-6.png" width="800px"&gt;&lt;/a&gt;</msg>
<status status="PASS" starttime="20220125 17:55:34.279" endtime="20220125 17:55:34.599"/>
</kw>
<kw name="Click Button" library="SeleniumLibrary">
<arg>Login</arg>
<doc>Clicks the button identified by ``locator``.</doc>
<msg timestamp="20220125 17:55:34.600" level="INFO">Clicking button 'Login'.</msg>
<status status="PASS" starttime="20220125 17:55:34.599" endtime="20220125 17:55:34.752"/>
</kw>
<status status="PASS" starttime="20220125 17:55:33.718" endtime="20220125 17:55:34.752"/>
</kw>
<kw name="Admin DASHBOARD in CTS">
<kw name="Switch Window" library="SeleniumLibrary">
<arg>title=MICAVS</arg>
<doc>Switches to browser window matching ``locator``.</doc>
<status status="PASS" starttime="20220125 17:55:34.753" endtime="20220125 17:55:34.859"/>
</kw>
<kw name="Sleep" library="BuiltIn">
<arg>25s</arg>
<doc>Pauses the test executed for the given time.</doc>
<msg timestamp="20220125 17:55:59.867" level="INFO">Slept 25 seconds</msg>
<status status="PASS" starttime="20220125 17:55:34.859" endtime="20220125 17:55:59.867"/>
</kw>
<kw name="Capture Page Screenshot" library="SeleniumLibrary">
<doc>Takes a screenshot of the current page and embeds it into a log file.</doc>
<msg timestamp="20220125 17:56:00.055" level="INFO" html="true">&lt;/td&gt;&lt;/tr&gt;&lt;tr&gt;&lt;td colspan="3"&gt;&lt;a href="selenium-screenshot-7.png"&gt;&lt;img src="selenium-screenshot-7.png" width="800px"&gt;&lt;/a&gt;</msg>
<status status="PASS" starttime="20220125 17:55:59.867" endtime="20220125 17:56:00.055"/>
</kw>
<kw name="Click Element" library="SeleniumLibrary">
<arg>xpath://*[@id="main_content"]/app-secured/section/app-dashboard/div[2]/app-user-statics/div/div/div/app-items/div[1]/div/a/div</arg>
<doc>Click the element identified by ``locator``.</doc>
<msg timestamp="20220125 17:56:00.055" level="INFO">Clicking element 'xpath://*[@id="main_content"]/app-secured/section/app-dashboard/div[2]/app-user-statics/div/div/div/app-items/div[1]/div/a/div'.</msg>
<status status="PASS" starttime="20220125 17:56:00.055" endtime="20220125 17:56:00.189"/>
</kw>
<status status="PASS" starttime="20220125 17:55:34.752" endtime="20220125 17:56:00.189"/>
</kw>
<kw name="List of Administartion-Admin Modules">
<kw name="Sleep" library="BuiltIn">
<arg>10s</arg>
<doc>Pauses the test executed for the given time.</doc>
<msg timestamp="20220125 17:56:10.191" level="INFO">Slept 10 seconds</msg>
<status status="PASS" starttime="20220125 17:56:00.190" endtime="20220125 17:56:10.191"/>
</kw>
<kw name="Page Should Contain Element" library="SeleniumLibrary">
<arg>//*[@id="main_content"]/app-secured/section/app-idams/div[1]/cvcs-page-title/div/div/div[1]/div/div/span[1]/h4</arg>
<doc>Verifies that element ``locator`` is found on the current page.</doc>
<msg timestamp="20220125 17:56:10.207" level="INFO">Current page contains element '//*[@id="main_content"]/app-secured/section/app-idams/div[1]/cvcs-page-title/div/div/div[1]/div/div/span[1]/h4'.</msg>
<status status="PASS" starttime="20220125 17:56:10.191" endtime="20220125 17:56:10.207"/>
</kw>
<kw name="Log To Console" library="BuiltIn">
<arg>Admin Dashboard page navigated to Admmin Module</arg>
<doc>Logs the given message to the console.</doc>
<status status="PASS" starttime="20220125 17:56:10.208" endtime="20220125 17:56:10.208"/>
</kw>
<kw name="Capture Page Screenshot" library="SeleniumLibrary">
<doc>Takes a screenshot of the current page and embeds it into a log file.</doc>
<msg timestamp="20220125 17:56:10.381" level="INFO" html="true">&lt;/td&gt;&lt;/tr&gt;&lt;tr&gt;&lt;td colspan="3"&gt;&lt;a href="selenium-screenshot-8.png"&gt;&lt;img src="selenium-screenshot-8.png" width="800px"&gt;&lt;/a&gt;</msg>
<status status="PASS" starttime="20220125 17:56:10.209" endtime="20220125 17:56:10.381"/>
</kw>
<status status="PASS" starttime="20220125 17:56:00.189" endtime="20220125 17:56:10.381"/>
</kw>
<kw name="Admin - Manage Organizations link in Admin page and Click Manage Organizations link">
<kw name="Page Should Contain Element" library="SeleniumLibrary">
<arg>//*[@id="main_content"]/app-secured/section/app-idams/div[1]/cvcs-page-title/div/div/div[1]/div/div/span[1]/h4</arg>
<doc>Verifies that element ``locator`` is found on the current page.</doc>
<msg timestamp="20220125 17:56:10.389" level="INFO">Current page contains element '//*[@id="main_content"]/app-secured/section/app-idams/div[1]/cvcs-page-title/div/div/div[1]/div/div/span[1]/h4'.</msg>
<status status="PASS" starttime="20220125 17:56:10.382" endtime="20220125 17:56:10.389"/>
</kw>
<kw name="Log To Console" library="BuiltIn">
<arg>Click Manage Organizations on left pane of page</arg>
<doc>Logs the given message to the console.</doc>
<status status="PASS" starttime="20220125 17:56:10.389" endtime="20220125 17:56:10.390"/>
</kw>
<kw name="Click Link" library="SeleniumLibrary">
<arg>Manage Organizations</arg>
<doc>Clicks a link identified by ``locator``.</doc>
<msg timestamp="20220125 17:56:10.390" level="INFO">Clicking link 'Manage Organizations'.</msg>
<status status="PASS" starttime="20220125 17:56:10.390" endtime="20220125 17:56:10.516"/>
</kw>
<kw name="Sleep" library="BuiltIn">
<arg>10s</arg>
<doc>Pauses the test executed for the given time.</doc>
<msg timestamp="20220125 17:56:20.528" level="INFO">Slept 10 seconds</msg>
<status status="PASS" starttime="20220125 17:56:10.516" endtime="20220125 17:56:20.528"/>
</kw>
<status status="PASS" starttime="20220125 17:56:10.381" endtime="20220125 17:56:20.528"/>
</kw>
<kw name="Existing Manage Organizations and Count should be in Admin-Mangae Organizations page">
<kw name="Page Should Contain Element" library="SeleniumLibrary">
<arg>//*[@id="main_content"]/app-secured/section/app-idams/div[2]/div/div/div/app-system-maintenance-container/div/div[2]/app-providers/form/div/div[2]/div[1]/div/div/app-paginator/div/div/div[1]/div/div/div/span[1]</arg>
<doc>Verifies that element ``locator`` is found on the current page.</doc>
<msg timestamp="20220125 17:56:20.541" level="INFO">Current page contains element '//*[@id="main_content"]/app-secured/section/app-idams/div[2]/div/div/div/app-system-maintenance-container/div/div[2]/app-providers/form/div/div[2]/div[1]/div/div/app-paginator/div/div/div[1]/div/div/div/span[1]'.</msg>
<status status="PASS" starttime="20220125 17:56:20.529" endtime="20220125 17:56:20.541"/>
</kw>
<kw name="Capture Page Screenshot" library="SeleniumLibrary">
<doc>Takes a screenshot of the current page and embeds it into a log file.</doc>
<msg timestamp="20220125 17:56:20.702" level="INFO" html="true">&lt;/td&gt;&lt;/tr&gt;&lt;tr&gt;&lt;td colspan="3"&gt;&lt;a href="selenium-screenshot-9.png"&gt;&lt;img src="selenium-screenshot-9.png" width="800px"&gt;&lt;/a&gt;</msg>
<status status="PASS" starttime="20220125 17:56:20.541" endtime="20220125 17:56:20.702"/>
</kw>
<kw name="Get Text" library="SeleniumLibrary">
<var>${Totalnumber_Organizations}</var>
<arg>//*[@id="main_content"]/app-secured/section/app-idams/div[2]/div/div/div/app-system-maintenance-container/div/div[2]/app-providers/form/div/div[2]/div[1]/div/div/app-paginator/div/div/div[1]/div/div/div/span[2]</arg>
<doc>Returns the text value of the element identified by ``locator``.</doc>
<msg timestamp="20220125 17:56:20.721" level="INFO">${Totalnumber_Organizations} = 219</msg>
<status status="PASS" starttime="20220125 17:56:20.702" endtime="20220125 17:56:20.721"/>
</kw>
<kw name="Log To Console" library="BuiltIn">
<arg>Total number of existing user roles : ${Totalnumber_Organizations}</arg>
<doc>Logs the given message to the console.</doc>
<status status="PASS" starttime="20220125 17:56:20.721" endtime="20220125 17:56:20.722"/>
</kw>
<kw name="Sleep" library="BuiltIn">
<arg>10s</arg>
<doc>Pauses the test executed for the given time.</doc>
<msg timestamp="20220125 17:56:30.734" level="INFO">Slept 10 seconds</msg>
<status status="PASS" starttime="20220125 17:56:20.722" endtime="20220125 17:56:30.734"/>
</kw>
<status status="PASS" starttime="20220125 17:56:20.528" endtime="20220125 17:56:30.734"/>
</kw>
<kw name="Web table Pagination - Manage Organizations">
<kw name="Sleep" library="BuiltIn">
<arg>20s</arg>
<doc>Pauses the test executed for the given time.</doc>
<msg timestamp="20220125 17:56:50.740" level="INFO">Slept 20 seconds</msg>
<status status="PASS" starttime="20220125 17:56:30.735" endtime="20220125 17:56:50.740"/>
</kw>
<kw name="Get Text" library="SeleniumLibrary">
<var>${Total}</var>
<arg>//*[@id="main_content"]/app-secured/section/app-idams/div[2]/div/div/div/app-system-maintenance-container/div/div[2]/app-providers/form/div/div[2]/div[1]/div/div/app-paginator/div/div/div[1]/div/div/div/span[2]</arg>
<doc>Returns the text value of the element identified by ``locator``.</doc>
<msg timestamp="20220125 17:56:50.756" level="INFO">${Total} = 219</msg>
<status status="PASS" starttime="20220125 17:56:50.740" endtime="20220125 17:56:50.756"/>
</kw>
<kw name="Convert To Integer" library="BuiltIn">
<var>${Total_count}</var>
<arg>${Total}</arg>
<doc>Converts the given item to an integer number.</doc>
<msg timestamp="20220125 17:56:50.757" level="INFO">${Total_count} = 219</msg>
<status status="PASS" starttime="20220125 17:56:50.756" endtime="20220125 17:56:50.757"/>
</kw>
<kw name="Get Element Count" library="SeleniumLibrary">
<var>${rows}</var>
<arg>xpath://*[@id="main_content"]/app-secured/section/app-idams/div[2]/div/div/div/app-system-maintenance-container/div/div[2]/app-providers/form/div/div[2]/div[2]/div[2]/roots-table/div/div/table/tbody/tr</arg>
<doc>Returns the number of elements matching ``locator``.</doc>
<msg timestamp="20220125 17:56:50.768" level="INFO">${rows} = 10</msg>
<status status="PASS" starttime="20220125 17:56:50.757" endtime="20220125 17:56:50.768"/>
</kw>
<kw name="Get Element Count" library="SeleniumLibrary">
<var>${columns}</var>
<arg>xpath://*[@id="main_content"]/app-secured/section/app-idams/div[2]/div/div/div/app-system-maintenance-container/div/div[2]/app-providers/form/div/div[2]/div[2]/div[2]/roots-table/div/div/table/tbody/tr[1]/td</arg>
<doc>Returns the number of elements matching ``locator``.</doc>
<msg timestamp="20220125 17:56:50.780" level="INFO">${columns} = 5</msg>
<status status="PASS" starttime="20220125 17:56:50.769" endtime="20220125 17:56:50.780"/>
</kw>
<kw name="Evaluate" library="BuiltIn">
<var>${Pagination_count}</var>
<arg>${Total_count} / ${rows}</arg>
<doc>Evaluates the given expression in Python and returns the result.</doc>
<msg timestamp="20220125 17:56:50.780" level="INFO">${Pagination_count} = 21.9</msg>
<status status="PASS" starttime="20220125 17:56:50.780" endtime="20220125 17:56:50.780"/>
</kw>
<kw name="Convert To Number" library="BuiltIn">
<var>${Pagination}</var>
<arg>${Pagination_count}</arg>
<doc>Converts the given item to a floating point number.</doc>
<msg timestamp="20220125 17:56:50.781" level="INFO">${Pagination} = 21.9</msg>
<status status="PASS" starttime="20220125 17:56:50.781" endtime="20220125 17:56:50.781"/>
</kw>
<kw name="Log To Console" library="BuiltIn">
<arg>${Pagination}</arg>
<doc>Logs the given message to the console.</doc>
<status status="PASS" starttime="20220125 17:56:50.781" endtime="20220125 17:56:50.781"/>
</kw>
<kw name="Log To Console" library="BuiltIn">
<arg>${rows}</arg>
<doc>Logs the given message to the console.</doc>
<status status="PASS" starttime="20220125 17:56:50.782" endtime="20220125 17:56:50.782"/>
</kw>
<kw name="Log To Console" library="BuiltIn">
<arg>${columns}</arg>
<doc>Logs the given message to the console.</doc>
<status status="PASS" starttime="20220125 17:56:50.782" endtime="20220125 17:56:50.782"/>
</kw>
<if>
<branch type="IF" condition="${Pagination}&lt;1">
<kw name="Get Text" library="SeleniumLibrary">
<var>${Expesnse_type}</var>
<arg>xpath://*[@id="main_content"]/app-secured/section/app-idams/div[2]/div/div/div/app-system-maintenance-container/div/div[2]/app-providers/form/div/div[2]/div[2]/div[2]/roots-table/div/div/table/tbody/tr[1]/td[1]</arg>
<doc>Returns the text value of the element identified by ``locator``.</doc>
<status status="NOT RUN" starttime="20220125 17:56:50.783" endtime="20220125 17:56:50.783"/>
</kw>
<kw name="Log To Console" library="BuiltIn">
<arg>${Expesnse_type}</arg>
<doc>Logs the given message to the console.</doc>
<status status="NOT RUN" starttime="20220125 17:56:50.783" endtime="20220125 17:56:50.783"/>
</kw>
<status status="NOT RUN" starttime="20220125 17:56:50.782" endtime="20220125 17:56:50.783"/>
</branch>
<branch type="ELSE">
<for flavor="IN RANGE">
<var>${x}</var>
<value>0</value>
<value>${Pagination}</value>
<iter>
<var name="${x}">0.0</var>
<for flavor="IN RANGE">
<var>${i}</var>
<value>1</value>
<value>10</value>
<iter>
<var name="${i}">1</var>
<kw name="Convert To Integer" library="BuiltIn">
<var>${i1}</var>
<arg>${i}</arg>
<doc>Converts the given item to an integer number.</doc>
<msg timestamp="20220125 17:56:50.784" level="INFO">${i1} = 1</msg>
<status status="PASS" starttime="20220125 17:56:50.784" endtime="20220125 17:56:50.784"/>
</kw>
<kw name="Get Element Count" library="SeleniumLibrary">
<var>${rows_final}</var>
<arg>xpath://*[@id="main_content"]/app-secured/section/app-idams/div[2]/div/div/div/app-system-maintenance-container/div/div[2]/app-providers/form/div/div[2]/div[2]/div[2]/roots-table/div/div/table/tbody/tr</arg>
<doc>Returns the number of elements matching ``locator``.</doc>
<msg timestamp="20220125 17:56:50.791" level="INFO">${rows_final} = 10</msg>
<status status="PASS" starttime="20220125 17:56:50.784" endtime="20220125 17:56:50.791"/>
</kw>
<kw name="Get Text" library="SeleniumLibrary">
<var>${Role_Name_Col}</var>
<arg>xpath://*[@id="main_content"]/app-secured/section/app-idams/div[2]/div/div/div/app-system-maintenance-container/div/div[2]/app-providers/form/div/div[2]/div[2]/div[2]/roots-table/div/div/table/tbody/tr[${i1}]/td[1]</arg>
<doc>Returns the text value of the element identified by ``locator``.</doc>
<msg timestamp="20220125 17:56:50.815" level="INFO">${Role_Name_Col} = SSN</msg>
<status status="PASS" starttime="20220125 17:56:50.791" endtime="20220125 17:56:50.815"/>
</kw>
<kw name="Get Text" library="SeleniumLibrary">
<var>${Role_Name_Co2}</var>
<arg>xpath://*[@id="main_content"]/app-secured/section/app-idams/div[2]/div/div/div/app-system-maintenance-container/div/div[2]/app-providers/form/div/div[2]/div[2]/div[2]/roots-table/div/div/table/tbody/tr[${i1}]/td[2]</arg>
<doc>Returns the text value of the element identified by ``locator``.</doc>
<msg timestamp="20220125 17:56:50.836" level="INFO">${Role_Name_Co2} = </msg>
<status status="PASS" starttime="20220125 17:56:50.815" endtime="20220125 17:56:50.836"/>
</kw>
<kw name="Log To Console" library="BuiltIn">
<arg>${Role_Name_Col} : ${Role_Name_Co2}</arg>
<doc>Logs the given message to the console.</doc>
<status status="PASS" starttime="20220125 17:56:50.837" endtime="20220125 17:56:50.837"/>
</kw>
<kw name="Exit For Loop If" library="BuiltIn">
<arg>${i1} == ${rows_final}</arg>
<doc>Stops executing the enclosing for loop if the ``condition`` is true.</doc>
<status status="PASS" starttime="20220125 17:56:50.837" endtime="20220125 17:56:50.838"/>
</kw>
<status status="PASS" starttime="20220125 17:56:50.783" endtime="20220125 17:56:50.838"/>
</iter>
<iter>
<var name="${i}">2</var>
<kw name="Convert To Integer" library="BuiltIn">
<var>${i1}</var>
<arg>${i}</arg>
<doc>Converts the given item to an integer number.</doc>
<msg timestamp="20220125 17:56:50.838" level="INFO">${i1} = 2</msg>
<status status="PASS" starttime="20220125 17:56:50.838" endtime="20220125 17:56:50.838"/>
</kw>
<kw name="Get Element Count" library="SeleniumLibrary">
<var>${rows_final}</var>
<arg>xpath://*[@id="main_content"]/app-secured/section/app-idams/div[2]/div/div/div/app-system-maintenance-container/div/div[2]/app-providers/form/div/div[2]/div[2]/div[2]/roots-table/div/div/table/tbody/tr</arg>
<doc>Returns the number of elements matching ``locator``.</doc>
<msg timestamp="20220125 17:56:50.844" level="INFO">${rows_final} = 10</msg>
<status status="PASS" starttime="20220125 17:56:50.838" endtime="20220125 17:56:50.845"/>
</kw>
<kw name="Get Text" library="SeleniumLibrary">
<var>${Role_Name_Col}</var>
<arg>xpath://*[@id="main_content"]/app-secured/section/app-idams/div[2]/div/div/div/app-system-maintenance-container/div/div[2]/app-providers/form/div/div[2]/div[2]/div[2]/roots-table/div/div/table/tbody/tr[${i1}]/td[1]</arg>
<doc>Returns the text value of the element identified by ``locator``.</doc>
<msg timestamp="20220125 17:56:50.868" level="INFO">${Role_Name_Col} = </msg>
<status status="PASS" starttime="20220125 17:56:50.845" endtime="20220125 17:56:50.868"/>
</kw>
<kw name="Get Text" library="SeleniumLibrary">
<var>${Role_Name_Co2}</var>
<arg>xpath://*[@id="main_content"]/app-secured/section/app-idams/div[2]/div/div/div/app-system-maintenance-container/div/div[2]/app-providers/form/div/div[2]/div[2]/div[2]/roots-table/div/div/table/tbody/tr[${i1}]/td[2]</arg>
<doc>Returns the text value of the element identified by ``locator``.</doc>
<msg timestamp="20220125 17:56:50.892" level="INFO">${Role_Name_Co2} = </msg>
<status status="PASS" starttime="20220125 17:56:50.868" endtime="20220125 17:56:50.892"/>
</kw>
<kw name="Log To Console" library="BuiltIn">
<arg>${Role_Name_Col} : ${Role_Name_Co2}</arg>
<doc>Logs the given message to the console.</doc>
<status status="PASS" starttime="20220125 17:56:50.892" endtime="20220125 17:56:50.892"/>
</kw>
<kw name="Exit For Loop If" library="BuiltIn">
<arg>${i1} == ${rows_final}</arg>
<doc>Stops executing the enclosing for loop if the ``condition`` is true.</doc>
<status status="PASS" starttime="20220125 17:56:50.892" endtime="20220125 17:56:50.893"/>
</kw>
<status status="PASS" starttime="20220125 17:56:50.838" endtime="20220125 17:56:50.893"/>
</iter>
<iter>
<var name="${i}">3</var>
<kw name="Convert To Integer" library="BuiltIn">
<var>${i1}</var>
<arg>${i}</arg>
<doc>Converts the given item to an integer number.</doc>
<msg timestamp="20220125 17:56:50.894" level="INFO">${i1} = 3</msg>
<status status="PASS" starttime="20220125 17:56:50.893" endtime="20220125 17:56:50.894"/>
</kw>
<kw name="Get Element Count" library="SeleniumLibrary">
<var>${rows_final}</var>
<arg>xpath://*[@id="main_content"]/app-secured/section/app-idams/div[2]/div/div/div/app-system-maintenance-container/div/div[2]/app-providers/form/div/div[2]/div[2]/div[2]/roots-table/div/div/table/tbody/tr</arg>
<doc>Returns the number of elements matching ``locator``.</doc>
<msg timestamp="20220125 17:56:50.901" level="INFO">${rows_final} = 10</msg>
<status status="PASS" starttime="20220125 17:56:50.894" endtime="20220125 17:56:50.901"/>
</kw>
<kw name="Get Text" library="SeleniumLibrary">
<var>${Role_Name_Col}</var>
<arg>xpath://*[@id="main_content"]/app-secured/section/app-idams/div[2]/div/div/div/app-system-maintenance-container/div/div[2]/app-providers/form/div/div[2]/div[2]/div[2]/roots-table/div/div/table/tbody/tr[${i1}]/td[1]</arg>
<doc>Returns the text value of the element identified by ``locator``.</doc>
<msg timestamp="20220125 17:56:50.924" level="INFO">${Role_Name_Col} = </msg>
<status status="PASS" starttime="20220125 17:56:50.901" endtime="20220125 17:56:50.924"/>
</kw>
<kw name="Get Text" library="SeleniumLibrary">
<var>${Role_Name_Co2}</var>
<arg>xpath://*[@id="main_content"]/app-secured/section/app-idams/div[2]/div/div/div/app-system-maintenance-container/div/div[2]/app-providers/form/div/div[2]/div[2]/div[2]/roots-table/div/div/table/tbody/tr[${i1}]/td[2]</arg>
<doc>Returns the text value of the element identified by ``locator``.</doc>
<msg timestamp="20220125 17:56:50.951" level="INFO">${Role_Name_Co2} = </msg>
<status status="PASS" starttime="20220125 17:56:50.924" endtime="20220125 17:56:50.951"/>
</kw>
<kw name="Log To Console" library="BuiltIn">
<arg>${Role_Name_Col} : ${Role_Name_Co2}</arg>
<doc>Logs the given message to the console.</doc>
<status status="PASS" starttime="20220125 17:56:50.951" endtime="20220125 17:56:50.951"/>
</kw>
<kw name="Exit For Loop If" library="BuiltIn">
<arg>${i1} == ${rows_final}</arg>
<doc>Stops executing the enclosing for loop if the ``condition`` is true.</doc>
<status status="PASS" starttime="20220125 17:56:50.952" endtime="20220125 17:56:50.952"/>
</kw>
<status status="PASS" starttime="20220125 17:56:50.893" endtime="20220125 17:56:50.952"/>
</iter>
<iter>
<var name="${i}">4</var>
<kw name="Convert To Integer" library="BuiltIn">
<var>${i1}</var>
<arg>${i}</arg>
<doc>Converts the given item to an integer number.</doc>
<msg timestamp="20220125 17:56:50.953" level="INFO">${i1} = 4</msg>
<status status="PASS" starttime="20220125 17:56:50.952" endtime="20220125 17:56:50.953"/>
</kw>
<kw name="Get Element Count" library="SeleniumLibrary">
<var>${rows_final}</var>
<arg>xpath://*[@id="main_content"]/app-secured/section/app-idams/div[2]/div/div/div/app-system-maintenance-container/div/div[2]/app-providers/form/div/div[2]/div[2]/div[2]/roots-table/div/div/table/tbody/tr</arg>
<doc>Returns the number of elements matching ``locator``.</doc>
<msg timestamp="20220125 17:56:50.960" level="INFO">${rows_final} = 10</msg>
<status status="PASS" starttime="20220125 17:56:50.953" endtime="20220125 17:56:50.960"/>
</kw>
<kw name="Get Text" library="SeleniumLibrary">
<var>${Role_Name_Col}</var>
<arg>xpath://*[@id="main_content"]/app-secured/section/app-idams/div[2]/div/div/div/app-system-maintenance-container/div/div[2]/app-providers/form/div/div[2]/div[2]/div[2]/roots-table/div/div/table/tbody/tr[${i1}]/td[1]</arg>
<doc>Returns the text value of the element identified by ``locator``.</doc>
<msg timestamp="20220125 17:56:50.984" level="INFO">${Role_Name_Col} = </msg>
<status status="PASS" starttime="20220125 17:56:50.960" endtime="20220125 17:56:50.984"/>
</kw>
<kw name="Get Text" library="SeleniumLibrary">
<var>${Role_Name_Co2}</var>
<arg>xpath://*[@id="main_content"]/app-secured/section/app-idams/div[2]/div/div/div/app-system-maintenance-container/div/div[2]/app-providers/form/div/div[2]/div[2]/div[2]/roots-table/div/div/table/tbody/tr[${i1}]/td[2]</arg>
<doc>Returns the text value of the element identified by ``locator``.</doc>
<msg timestamp="20220125 17:56:51.007" level="INFO">${Role_Name_Co2} = </msg>
<status status="PASS" starttime="20220125 17:56:50.984" endtime="20220125 17:56:51.007"/>
</kw>
<kw name="Log To Console" library="BuiltIn">
<arg>${Role_Name_Col} : ${Role_Name_Co2}</arg>
<doc>Logs the given message to the console.</doc>
<status status="PASS" starttime="20220125 17:56:51.007" endtime="20220125 17:56:51.007"/>
</kw>
<kw name="Exit For Loop If" library="BuiltIn">
<arg>${i1} == ${rows_final}</arg>
<doc>Stops executing the enclosing for loop if the ``condition`` is true.</doc>
<status status="PASS" starttime="20220125 17:56:51.007" endtime="20220125 17:56:51.007"/>
</kw>
<status status="PASS" starttime="20220125 17:56:50.952" endtime="20220125 17:56:51.007"/>
</iter>
<iter>
<var name="${i}">5</var>
<kw name="Convert To Integer" library="BuiltIn">
<var>${i1}</var>
<arg>${i}</arg>
<doc>Converts the given item to an integer number.</doc>
<msg timestamp="20220125 17:56:51.008" level="INFO">${i1} = 5</msg>
<status status="PASS" starttime="20220125 17:56:51.007" endtime="20220125 17:56:51.008"/>
</kw>
<kw name="Get Element Count" library="SeleniumLibrary">
<var>${rows_final}</var>
<arg>xpath://*[@id="main_content"]/app-secured/section/app-idams/div[2]/div/div/div/app-system-maintenance-container/div/div[2]/app-providers/form/div/div[2]/div[2]/div[2]/roots-table/div/div/table/tbody/tr</arg>
<doc>Returns the number of elements matching ``locator``.</doc>
<msg timestamp="20220125 17:56:51.014" level="INFO">${rows_final} = 10</msg>
<status status="PASS" starttime="20220125 17:56:51.008" endtime="20220125 17:56:51.014"/>
</kw>
<kw name="Get Text" library="SeleniumLibrary">
<var>${Role_Name_Col}</var>
<arg>xpath://*[@id="main_content"]/app-secured/section/app-idams/div[2]/div/div/div/app-system-maintenance-container/div/div[2]/app-providers/form/div/div[2]/div[2]/div[2]/roots-table/div/div/table/tbody/tr[${i1}]/td[1]</arg>
<doc>Returns the text value of the element identified by ``locator``.</doc>
<msg timestamp="20220125 17:56:51.035" level="INFO">${Role_Name_Col} = </msg>
<status status="PASS" starttime="20220125 17:56:51.014" endtime="20220125 17:56:51.035"/>
</kw>
<kw name="Get Text" library="SeleniumLibrary">
<var>${Role_Name_Co2}</var>
<arg>xpath://*[@id="main_content"]/app-secured/section/app-idams/div[2]/div/div/div/app-system-maintenance-container/div/div[2]/app-providers/form/div/div[2]/div[2]/div[2]/roots-table/div/div/table/tbody/tr[${i1}]/td[2]</arg>
<doc>Returns the text value of the element identified by ``locator``.</doc>
<msg timestamp="20220125 17:56:51.057" level="INFO">${Role_Name_Co2} = </msg>
<status status="PASS" starttime="20220125 17:56:51.035" endtime="20220125 17:56:51.057"/>
</kw>
<kw name="Log To Console" library="BuiltIn">
<arg>${Role_Name_Col} : ${Role_Name_Co2}</arg>
<doc>Logs the given message to the console.</doc>
<status status="PASS" starttime="20220125 17:56:51.057" endtime="20220125 17:56:51.057"/>
</kw>
<kw name="Exit For Loop If" library="BuiltIn">
<arg>${i1} == ${rows_final}</arg>
<doc>Stops executing the enclosing for loop if the ``condition`` is true.</doc>
<status status="PASS" starttime="20220125 17:56:51.057" endtime="20220125 17:56:51.057"/>
</kw>
<status status="PASS" starttime="20220125 17:56:51.007" endtime="20220125 17:56:51.057"/>
</iter>
<iter>
<var name="${i}">6</var>
<kw name="Convert To Integer" library="BuiltIn">
<var>${i1}</var>
<arg>${i}</arg>
<doc>Converts the given item to an integer number.</doc>
<msg timestamp="20220125 17:56:51.057" level="INFO">${i1} = 6</msg>
<status status="PASS" starttime="20220125 17:56:51.057" endtime="20220125 17:56:51.057"/>
</kw>
<kw name="Get Element Count" library="SeleniumLibrary">
<var>${rows_final}</var>
<arg>xpath://*[@id="main_content"]/app-secured/section/app-idams/div[2]/div/div/div/app-system-maintenance-container/div/div[2]/app-providers/form/div/div[2]/div[2]/div[2]/roots-table/div/div/table/tbody/tr</arg>
<doc>Returns the number of elements matching ``locator``.</doc>
<msg timestamp="20220125 17:56:51.065" level="INFO">${rows_final} = 10</msg>
<status status="PASS" starttime="20220125 17:56:51.057" endtime="20220125 17:56:51.065"/>
</kw>
<kw name="Get Text" library="SeleniumLibrary">
<var>${Role_Name_Col}</var>
<arg>xpath://*[@id="main_content"]/app-secured/section/app-idams/div[2]/div/div/div/app-system-maintenance-container/div/div[2]/app-providers/form/div/div[2]/div[2]/div[2]/roots-table/div/div/table/tbody/tr[${i1}]/td[1]</arg>
<doc>Returns the text value of the element identified by ``locator``.</doc>
<msg timestamp="20220125 17:56:51.089" level="INFO">${Role_Name_Col} = </msg>
<status status="PASS" starttime="20220125 17:56:51.065" endtime="20220125 17:56:51.089"/>
</kw>
<kw name="Get Text" library="SeleniumLibrary">
<var>${Role_Name_Co2}</var>
<arg>xpath://*[@id="main_content"]/app-secured/section/app-idams/div[2]/div/div/div/app-system-maintenance-container/div/div[2]/app-providers/form/div/div[2]/div[2]/div[2]/roots-table/div/div/table/tbody/tr[${i1}]/td[2]</arg>
<doc>Returns the text value of the element identified by ``locator``.</doc>
<msg timestamp="20220125 17:56:51.112" level="INFO">${Role_Name_Co2} = </msg>
<status status="PASS" starttime="20220125 17:56:51.089" endtime="20220125 17:56:51.112"/>
</kw>
<kw name="Log To Console" library="BuiltIn">
<arg>${Role_Name_Col} : ${Role_Name_Co2}</arg>
<doc>Logs the given message to the console.</doc>
<status status="PASS" starttime="20220125 17:56:51.112" endtime="20220125 17:56:51.112"/>
</kw>
<kw name="Exit For Loop If" library="BuiltIn">
<arg>${i1} == ${rows_final}</arg>
<doc>Stops executing the enclosing for loop if the ``condition`` is true.</doc>
<status status="PASS" starttime="20220125 17:56:51.112" endtime="20220125 17:56:51.113"/>
</kw>
<status status="PASS" starttime="20220125 17:56:51.057" endtime="20220125 17:56:51.113"/>
</iter>
<iter>
<var name="${i}">7</var>
<kw name="Convert To Integer" library="BuiltIn">
<var>${i1}</var>
<arg>${i}</arg>
<doc>Converts the given item to an integer number.</doc>
<msg timestamp="20220125 17:56:51.113" level="INFO">${i1} = 7</msg>
<status status="PASS" starttime="20220125 17:56:51.113" endtime="20220125 17:56:51.113"/>
</kw>
<kw name="Get Element Count" library="SeleniumLibrary">
<var>${rows_final}</var>
<arg>xpath://*[@id="main_content"]/app-secured/section/app-idams/div[2]/div/div/div/app-system-maintenance-container/div/div[2]/app-providers/form/div/div[2]/div[2]/div[2]/roots-table/div/div/table/tbody/tr</arg>
<doc>Returns the number of elements matching ``locator``.</doc>
<msg timestamp="20220125 17:56:51.120" level="INFO">${rows_final} = 10</msg>
<status status="PASS" starttime="20220125 17:56:51.113" endtime="20220125 17:56:51.120"/>
</kw>
<kw name="Get Text" library="SeleniumLibrary">
<var>${Role_Name_Col}</var>
<arg>xpath://*[@id="main_content"]/app-secured/section/app-idams/div[2]/div/div/div/app-system-maintenance-container/div/div[2]/app-providers/form/div/div[2]/div[2]/div[2]/roots-table/div/div/table/tbody/tr[${i1}]/td[1]</arg>
<doc>Returns the text value of the element identified by ``locator``.</doc>
<msg timestamp="20220125 17:56:51.141" level="INFO">${Role_Name_Col} = SSN</msg>
<status status="PASS" starttime="20220125 17:56:51.120" endtime="20220125 17:56:51.141"/>
</kw>
<kw name="Get Text" library="SeleniumLibrary">
<var>${Role_Name_Co2}</var>
<arg>xpath://*[@id="main_content"]/app-secured/section/app-idams/div[2]/div/div/div/app-system-maintenance-container/div/div[2]/app-providers/form/div/div[2]/div[2]/div[2]/roots-table/div/div/table/tbody/tr[${i1}]/td[2]</arg>
<doc>Returns the text value of the element identified by ``locator``.</doc>
<msg timestamp="20220125 17:56:51.162" level="INFO">${Role_Name_Co2} = </msg>
<status status="PASS" starttime="20220125 17:56:51.141" endtime="20220125 17:56:51.162"/>
</kw>
<kw name="Log To Console" library="BuiltIn">
<arg>${Role_Name_Col} : ${Role_Name_Co2}</arg>
<doc>Logs the given message to the console.</doc>
<status status="PASS" starttime="20220125 17:56:51.162" endtime="20220125 17:56:51.163"/>
</kw>
<kw name="Exit For Loop If" library="BuiltIn">
<arg>${i1} == ${rows_final}</arg>
<doc>Stops executing the enclosing for loop if the ``condition`` is true.</doc>
<status status="PASS" starttime="20220125 17:56:51.163" endtime="20220125 17:56:51.163"/>
</kw>
<status status="PASS" starttime="20220125 17:56:51.113" endtime="20220125 17:56:51.163"/>
</iter>
<iter>
<var name="${i}">8</var>
<kw name="Convert To Integer" library="BuiltIn">
<var>${i1}</var>
<arg>${i}</arg>
<doc>Converts the given item to an integer number.</doc>
<msg timestamp="20220125 17:56:51.164" level="INFO">${i1} = 8</msg>
<status status="PASS" starttime="20220125 17:56:51.163" endtime="20220125 17:56:51.164"/>
</kw>
<kw name="Get Element Count" library="SeleniumLibrary">
<var>${rows_final}</var>
<arg>xpath://*[@id="main_content"]/app-secured/section/app-idams/div[2]/div/div/div/app-system-maintenance-container/div/div[2]/app-providers/form/div/div[2]/div[2]/div[2]/roots-table/div/div/table/tbody/tr</arg>
<doc>Returns the number of elements matching ``locator``.</doc>
<msg timestamp="20220125 17:56:51.169" level="INFO">${rows_final} = 10</msg>
<status status="PASS" starttime="20220125 17:56:51.164" endtime="20220125 17:56:51.169"/>
</kw>
<kw name="Get Text" library="SeleniumLibrary">
<var>${Role_Name_Col}</var>
<arg>xpath://*[@id="main_content"]/app-secured/section/app-idams/div[2]/div/div/div/app-system-maintenance-container/div/div[2]/app-providers/form/div/div[2]/div[2]/div[2]/roots-table/div/div/table/tbody/tr[${i1}]/td[1]</arg>
<doc>Returns the text value of the element identified by ``locator``.</doc>
<msg timestamp="20220125 17:56:51.226" level="INFO">${Role_Name_Col} = SSN</msg>
<status status="PASS" starttime="20220125 17:56:51.169" endtime="20220125 17:56:51.226"/>
</kw>
<kw name="Get Text" library="SeleniumLibrary">
<var>${Role_Name_Co2}</var>
<arg>xpath://*[@id="main_content"]/app-secured/section/app-idams/div[2]/div/div/div/app-system-maintenance-container/div/div[2]/app-providers/form/div/div[2]/div[2]/div[2]/roots-table/div/div/table/tbody/tr[${i1}]/td[2]</arg>
<doc>Returns the text value of the element identified by ``locator``.</doc>
<msg timestamp="20220125 17:56:51.249" level="INFO">${Role_Name_Co2} = </msg>
<status status="PASS" starttime="20220125 17:56:51.226" endtime="20220125 17:56:51.249"/>
</kw>
<kw name="Log To Console" library="BuiltIn">
<arg>${Role_Name_Col} : ${Role_Name_Co2}</arg>
<doc>Logs the given message to the console.</doc>
<status status="PASS" starttime="20220125 17:56:51.249" endtime="20220125 17:56:51.249"/>
</kw>
<kw name="Exit For Loop If" library="BuiltIn">
<arg>${i1} == ${rows_final}</arg>
<doc>Stops executing the enclosing for loop if the ``condition`` is true.</doc>
<status status="PASS" starttime="20220125 17:56:51.249" endtime="20220125 17:56:51.250"/>
</kw>
<status status="PASS" starttime="20220125 17:56:51.163" endtime="20220125 17:56:51.250"/>
</iter>
<iter>
<var name="${i}">9</var>
<kw name="Convert To Integer" library="BuiltIn">
<var>${i1}</var>
<arg>${i}</arg>
<doc>Converts the given item to an integer number.</doc>
<msg timestamp="20220125 17:56:51.250" level="INFO">${i1} = 9</msg>
<status status="PASS" starttime="20220125 17:56:51.250" endtime="20220125 17:56:51.250"/>
</kw>
<kw name="Get Element Count" library="SeleniumLibrary">
<var>${rows_final}</var>
<arg>xpath://*[@id="main_content"]/app-secured/section/app-idams/div[2]/div/div/div/app-system-maintenance-container/div/div[2]/app-providers/form/div/div[2]/div[2]/div[2]/roots-table/div/div/table/tbody/tr</arg>
<doc>Returns the number of elements matching ``locator``.</doc>
<msg timestamp="20220125 17:56:51.255" level="INFO">${rows_final} = 10</msg>
<status status="PASS" starttime="20220125 17:56:51.250" endtime="20220125 17:56:51.255"/>
</kw>
<kw name="Get Text" library="SeleniumLibrary">
<var>${Role_Name_Col}</var>
<arg>xpath://*[@id="main_content"]/app-secured/section/app-idams/div[2]/div/div/div/app-system-maintenance-container/div/div[2]/app-providers/form/div/div[2]/div[2]/div[2]/roots-table/div/div/table/tbody/tr[${i1}]/td[1]</arg>
<doc>Returns the text value of the element identified by ``locator``.</doc>
<msg timestamp="20220125 17:56:51.279" level="INFO">${Role_Name_Col} = SSN</msg>
<status status="PASS" starttime="20220125 17:56:51.255" endtime="20220125 17:56:51.279"/>
</kw>
<kw name="Get Text" library="SeleniumLibrary">
<var>${Role_Name_Co2}</var>
<arg>xpath://*[@id="main_content"]/app-secured/section/app-idams/div[2]/div/div/div/app-system-maintenance-container/div/div[2]/app-providers/form/div/div[2]/div[2]/div[2]/roots-table/div/div/table/tbody/tr[${i1}]/td[2]</arg>
<doc>Returns the text value of the element identified by ``locator``.</doc>
<msg timestamp="20220125 17:56:51.302" level="INFO">${Role_Name_Co2} = </msg>
<status status="PASS" starttime="20220125 17:56:51.279" endtime="20220125 17:56:51.302"/>
</kw>
<kw name="Log To Console" library="BuiltIn">
<arg>${Role_Name_Col} : ${Role_Name_Co2}</arg>
<doc>Logs the given message to the console.</doc>
<status status="PASS" starttime="20220125 17:56:51.302" endtime="20220125 17:56:51.302"/>
</kw>
<kw name="Exit For Loop If" library="BuiltIn">
<arg>${i1} == ${rows_final}</arg>
<doc>Stops executing the enclosing for loop if the ``condition`` is true.</doc>
<status status="PASS" starttime="20220125 17:56:51.302" endtime="20220125 17:56:51.303"/>
</kw>
<status status="PASS" starttime="20220125 17:56:51.250" endtime="20220125 17:56:51.303"/>
</iter>
<status status="PASS" starttime="20220125 17:56:50.783" endtime="20220125 17:56:51.303"/>
</for>
<kw name="Click Button" library="SeleniumLibrary">
<arg>Next</arg>
<doc>Clicks the button identified by ``locator``.</doc>
<msg timestamp="20220125 17:56:51.303" level="INFO">Clicking button 'Next'.</msg>
<status status="PASS" starttime="20220125 17:56:51.303" endtime="20220125 17:56:51.360"/>
</kw>
<kw name="Sleep" library="BuiltIn">
<arg>15s</arg>
<doc>Pauses the test executed for the given time.</doc>
<msg timestamp="20220125 17:57:06.371" level="INFO">Slept 15 seconds</msg>
<status status="PASS" starttime="20220125 17:56:51.360" endtime="20220125 17:57:06.371"/>
</kw>
<kw name="Log To Console" library="BuiltIn">
<arg>Pagination:${x}</arg>
<doc>Logs the given message to the console.</doc>
<status status="PASS" starttime="20220125 17:57:06.371" endtime="20220125 17:57:06.372"/>
</kw>
<status status="PASS" starttime="20220125 17:56:50.783" endtime="20220125 17:57:06.372"/>
</iter>
<iter>
<var name="${x}">1.0</var>
<for flavor="IN RANGE">
<var>${i}</var>
<value>1</value>
<value>10</value>
<iter>
<var name="${i}">1</var>
<kw name="Convert To Integer" library="BuiltIn">
<var>${i1}</var>
<arg>${i}</arg>
<doc>Converts the given item to an integer number.</doc>
<msg timestamp="20220125 17:57:06.373" level="INFO">${i1} = 1</msg>
<status status="PASS" starttime="20220125 17:57:06.373" endtime="20220125 17:57:06.373"/>
</kw>
<kw name="Get Element Count" library="SeleniumLibrary">
<var>${rows_final}</var>
<arg>xpath://*[@id="main_content"]/app-secured/section/app-idams/div[2]/div/div/div/app-system-maintenance-container/div/div[2]/app-providers/form/div/div[2]/div[2]/div[2]/roots-table/div/div/table/tbody/tr</arg>
<doc>Returns the number of elements matching ``locator``.</doc>
<msg timestamp="20220125 17:57:06.387" level="INFO">${rows_final} = 10</msg>
<status status="PASS" starttime="20220125 17:57:06.373" endtime="20220125 17:57:06.387"/>
</kw>
<kw name="Get Text" library="SeleniumLibrary">
<var>${Role_Name_Col}</var>
<arg>xpath://*[@id="main_content"]/app-secured/section/app-idams/div[2]/div/div/div/app-system-maintenance-container/div/div[2]/app-providers/form/div/div[2]/div[2]/div[2]/roots-table/div/div/table/tbody/tr[${i1}]/td[1]</arg>
<doc>Returns the text value of the element identified by ``locator``.</doc>
<msg timestamp="20220125 17:57:06.420" level="INFO">${Role_Name_Col} = SSN</msg>
<status status="PASS" starttime="20220125 17:57:06.388" endtime="20220125 17:57:06.420"/>
</kw>
<kw name="Get Text" library="SeleniumLibrary">
<var>${Role_Name_Co2}</var>
<arg>xpath://*[@id="main_content"]/app-secured/section/app-idams/div[2]/div/div/div/app-system-maintenance-container/div/div[2]/app-providers/form/div/div[2]/div[2]/div[2]/roots-table/div/div/table/tbody/tr[${i1}]/td[2]</arg>
<doc>Returns the text value of the element identified by ``locator``.</doc>
<msg timestamp="20220125 17:57:06.451" level="INFO">${Role_Name_Co2} = </msg>
<status status="PASS" starttime="20220125 17:57:06.420" endtime="20220125 17:57:06.452"/>
</kw>
<kw name="Log To Console" library="BuiltIn">
<arg>${Role_Name_Col} : ${Role_Name_Co2}</arg>
<doc>Logs the given message to the console.</doc>
<status status="PASS" starttime="20220125 17:57:06.452" endtime="20220125 17:57:06.452"/>
</kw>
<kw name="Exit For Loop If" library="BuiltIn">
<arg>${i1} == ${rows_final}</arg>
<doc>Stops executing the enclosing for loop if the ``condition`` is true.</doc>
<status status="PASS" starttime="20220125 17:57:06.452" endtime="20220125 17:57:06.453"/>
</kw>
<status status="PASS" starttime="20220125 17:57:06.372" endtime="20220125 17:57:06.453"/>
</iter>
<iter>
<var name="${i}">2</var>
<kw name="Convert To Integer" library="BuiltIn">
<var>${i1}</var>
<arg>${i}</arg>
<doc>Converts the given item to an integer number.</doc>
<msg timestamp="20220125 17:57:06.454" level="INFO">${i1} = 2</msg>
<status status="PASS" starttime="20220125 17:57:06.453" endtime="20220125 17:57:06.454"/>
</kw>
<kw name="Get Element Count" library="SeleniumLibrary">
<var>${rows_final}</var>
<arg>xpath://*[@id="main_content"]/app-secured/section/app-idams/div[2]/div/div/div/app-system-maintenance-container/div/div[2]/app-providers/form/div/div[2]/div[2]/div[2]/roots-table/div/div/table/tbody/tr</arg>
<doc>Returns the number of elements matching ``locator``.</doc>
<msg timestamp="20220125 17:57:06.461" level="INFO">${rows_final} = 10</msg>
<status status="PASS" starttime="20220125 17:57:06.454" endtime="20220125 17:57:06.461"/>
</kw>
<kw name="Get Text" library="SeleniumLibrary">
<var>${Role_Name_Col}</var>
<arg>xpath://*[@id="main_content"]/app-secured/section/app-idams/div[2]/div/div/div/app-system-maintenance-container/div/div[2]/app-providers/form/div/div[2]/div[2]/div[2]/roots-table/div/div/table/tbody/tr[${i1}]/td[1]</arg>
<doc>Returns the text value of the element identified by ``locator``.</doc>
<msg timestamp="20220125 17:57:06.481" level="INFO">${Role_Name_Col} = SSN</msg>
<status status="PASS" starttime="20220125 17:57:06.462" endtime="20220125 17:57:06.481"/>
</kw>
<kw name="Get Text" library="SeleniumLibrary">
<var>${Role_Name_Co2}</var>
<arg>xpath://*[@id="main_content"]/app-secured/section/app-idams/div[2]/div/div/div/app-system-maintenance-container/div/div[2]/app-providers/form/div/div[2]/div[2]/div[2]/roots-table/div/div/table/tbody/tr[${i1}]/td[2]</arg>
<doc>Returns the text value of the element identified by ``locator``.</doc>
<msg timestamp="20220125 17:57:06.501" level="INFO">${Role_Name_Co2} = </msg>
<status status="PASS" starttime="20220125 17:57:06.481" endtime="20220125 17:57:06.501"/>
</kw>
<kw name="Log To Console" library="BuiltIn">
<arg>${Role_Name_Col} : ${Role_Name_Co2}</arg>
<doc>Logs the given message to the console.</doc>
<status status="PASS" starttime="20220125 17:57:06.501" endtime="20220125 17:57:06.502"/>
</kw>
<kw name="Exit For Loop If" library="BuiltIn">
<arg>${i1} == ${rows_final}</arg>
<doc>Stops executing the enclosing for loop if the ``condition`` is true.</doc>
<status status="PASS" starttime="20220125 17:57:06.502" endtime="20220125 17:57:06.502"/>
</kw>
<status status="PASS" starttime="20220125 17:57:06.453" endtime="20220125 17:57:06.502"/>
</iter>
<iter>
<var name="${i}">3</var>
<kw name="Convert To Integer" library="BuiltIn">
<var>${i1}</var>
<arg>${i}</arg>
<doc>Converts the given item to an integer number.</doc>
<msg timestamp="20220125 17:57:06.502" level="INFO">${i1} = 3</msg>
<status status="PASS" starttime="20220125 17:57:06.502" endtime="20220125 17:57:06.502"/>
</kw>
<kw name="Get Element Count" library="SeleniumLibrary">
<var>${rows_final}</var>
<arg>xpath://*[@id="main_content"]/app-secured/section/app-idams/div[2]/div/div/div/app-system-maintenance-container/div/div[2]/app-providers/form/div/div[2]/div[2]/div[2]/roots-table/div/div/table/tbody/tr</arg>
<doc>Returns the number of elements matching ``locator``.</doc>
<msg timestamp="20220125 17:57:06.509" level="INFO">${rows_final} = 10</msg>
<status status="PASS" starttime="20220125 17:57:06.502" endtime="20220125 17:57:06.509"/>
</kw>
<kw name="Get Text" library="SeleniumLibrary">
<var>${Role_Name_Col}</var>
<arg>xpath://*[@id="main_content"]/app-secured/section/app-idams/div[2]/div/div/div/app-system-maintenance-container/div/div[2]/app-providers/form/div/div[2]/div[2]/div[2]/roots-table/div/div/table/tbody/tr[${i1}]/td[1]</arg>
<doc>Returns the text value of the element identified by ``locator``.</doc>
<msg timestamp="20220125 17:57:06.528" level="INFO">${Role_Name_Col} = SSN</msg>
<status status="PASS" starttime="20220125 17:57:06.509" endtime="20220125 17:57:06.528"/>
</kw>
<kw name="Get Text" library="SeleniumLibrary">
<var>${Role_Name_Co2}</var>
<arg>xpath://*[@id="main_content"]/app-secured/section/app-idams/div[2]/div/div/div/app-system-maintenance-container/div/div[2]/app-providers/form/div/div[2]/div[2]/div[2]/roots-table/div/div/table/tbody/tr[${i1}]/td[2]</arg>
<doc>Returns the text value of the element identified by ``locator``.</doc>
<msg timestamp="20220125 17:57:06.547" level="INFO">${Role_Name_Co2} = </msg>
<status status="PASS" starttime="20220125 17:57:06.529" endtime="20220125 17:57:06.547"/>
</kw>
<kw name="Log To Console" library="BuiltIn">
<arg>${Role_Name_Col} : ${Role_Name_Co2}</arg>
<doc>Logs the given message to the console.</doc>
<status status="PASS" starttime="20220125 17:57:06.547" endtime="20220125 17:57:06.548"/>
</kw>
<kw name="Exit For Loop If" library="BuiltIn">
<arg>${i1} == ${rows_final}</arg>
<doc>Stops executing the enclosing for loop if the ``condition`` is true.</doc>
<status status="PASS" starttime="20220125 17:57:06.548" endtime="20220125 17:57:06.548"/>
</kw>
<status status="PASS" starttime="20220125 17:57:06.502" endtime="20220125 17:57:06.548"/>
</iter>
<iter>
<var name="${i}">4</var>
<kw name="Convert To Integer" library="BuiltIn">
<var>${i1}</var>
<arg>${i}</arg>
<doc>Converts the given item to an integer number.</doc>
<msg timestamp="20220125 17:57:06.548" level="INFO">${i1} = 4</msg>
<status status="PASS" starttime="20220125 17:57:06.548" endtime="20220125 17:57:06.548"/>
</kw>
<kw name="Get Element Count" library="SeleniumLibrary">
<var>${rows_final}</var>
<arg>xpath://*[@id="main_content"]/app-secured/section/app-idams/div[2]/div/div/div/app-system-maintenance-container/div/div[2]/app-providers/form/div/div[2]/div[2]/div[2]/roots-table/div/div/table/tbody/tr</arg>
<doc>Returns the number of elements matching ``locator``.</doc>
<msg timestamp="20220125 17:57:06.555" level="INFO">${rows_final} = 10</msg>
<status status="PASS" starttime="20220125 17:57:06.548" endtime="20220125 17:57:06.555"/>
</kw>
<kw name="Get Text" library="SeleniumLibrary">
<var>${Role_Name_Col}</var>
<arg>xpath://*[@id="main_content"]/app-secured/section/app-idams/div[2]/div/div/div/app-system-maintenance-container/div/div[2]/app-providers/form/div/div[2]/div[2]/div[2]/roots-table/div/div/table/tbody/tr[${i1}]/td[1]</arg>
<doc>Returns the text value of the element identified by ``locator``.</doc>
<msg timestamp="20220125 17:57:06.573" level="INFO">${Role_Name_Col} = SSN</msg>
<status status="PASS" starttime="20220125 17:57:06.555" endtime="20220125 17:57:06.573"/>
</kw>
<kw name="Get Text" library="SeleniumLibrary">
<var>${Role_Name_Co2}</var>
<arg>xpath://*[@id="main_content"]/app-secured/section/app-idams/div[2]/div/div/div/app-system-maintenance-container/div/div[2]/app-providers/form/div/div[2]/div[2]/div[2]/roots-table/div/div/table/tbody/tr[${i1}]/td[2]</arg>
<doc>Returns the text value of the element identified by ``locator``.</doc>
<msg timestamp="20220125 17:57:06.590" level="INFO">${Role_Name_Co2} = </msg>
<status status="PASS" starttime="20220125 17:57:06.573" endtime="20220125 17:57:06.590"/>
</kw>
<kw name="Log To Console" library="BuiltIn">
<arg>${Role_Name_Col} : ${Role_Name_Co2}</arg>
<doc>Logs the given message to the console.</doc>
<status status="PASS" starttime="20220125 17:57:06.590" endtime="20220125 17:57:06.590"/>
</kw>
<kw name="Exit For Loop If" library="BuiltIn">
<arg>${i1} == ${rows_final}</arg>
<doc>Stops executing the enclosing for loop if the ``condition`` is true.</doc>
<status status="PASS" starttime="20220125 17:57:06.590" endtime="20220125 17:57:06.591"/>
</kw>
<status status="PASS" starttime="20220125 17:57:06.548" endtime="20220125 17:57:06.591"/>
</iter>
<iter>
<var name="${i}">5</var>
<kw name="Convert To Integer" library="BuiltIn">
<var>${i1}</var>
<arg>${i}</arg>
<doc>Converts the given item to an integer number.</doc>
<msg timestamp="20220125 17:57:06.591" level="INFO">${i1} = 5</msg>
<status status="PASS" starttime="20220125 17:57:06.591" endtime="20220125 17:57:06.591"/>
</kw>
<kw name="Get Element Count" library="SeleniumLibrary">
<var>${rows_final}</var>
<arg>xpath://*[@id="main_content"]/app-secured/section/app-idams/div[2]/div/div/div/app-system-maintenance-container/div/div[2]/app-providers/form/div/div[2]/div[2]/div[2]/roots-table/div/div/table/tbody/tr</arg>
<doc>Returns the number of elements matching ``locator``.</doc>
<msg timestamp="20220125 17:57:06.598" level="INFO">${rows_final} = 10</msg>
<status status="PASS" starttime="20220125 17:57:06.591" endtime="20220125 17:57:06.598"/>
</kw>
<kw name="Get Text" library="SeleniumLibrary">
<var>${Role_Name_Col}</var>
<arg>xpath://*[@id="main_content"]/app-secured/section/app-idams/div[2]/div/div/div/app-system-maintenance-container/div/div[2]/app-providers/form/div/div[2]/div[2]/div[2]/roots-table/div/div/table/tbody/tr[${i1}]/td[1]</arg>
<doc>Returns the text value of the element identified by ``locator``.</doc>
<msg timestamp="20220125 17:57:06.616" level="INFO">${Role_Name_Col} = SSN</msg>
<status status="PASS" starttime="20220125 17:57:06.598" endtime="20220125 17:57:06.616"/>
</kw>
<kw name="Get Text" library="SeleniumLibrary">
<var>${Role_Name_Co2}</var>
<arg>xpath://*[@id="main_content"]/app-secured/section/app-idams/div[2]/div/div/div/app-system-maintenance-container/div/div[2]/app-providers/form/div/div[2]/div[2]/div[2]/roots-table/div/div/table/tbody/tr[${i1}]/td[2]</arg>
<doc>Returns the text value of the element identified by ``locator``.</doc>
<msg timestamp="20220125 17:57:06.636" level="INFO">${Role_Name_Co2} = </msg>
<status status="PASS" starttime="20220125 17:57:06.616" endtime="20220125 17:57:06.637"/>
</kw>
<kw name="Log To Console" library="BuiltIn">
<arg>${Role_Name_Col} : ${Role_Name_Co2}</arg>
<doc>Logs the given message to the console.</doc>
<status status="PASS" starttime="20220125 17:57:06.637" endtime="20220125 17:57:06.637"/>
</kw>
<kw name="Exit For Loop If" library="BuiltIn">
<arg>${i1} == ${rows_final}</arg>
<doc>Stops executing the enclosing for loop if the ``condition`` is true.</doc>
<status status="PASS" starttime="20220125 17:57:06.637" endtime="20220125 17:57:06.637"/>
</kw>
<status status="PASS" starttime="20220125 17:57:06.591" endtime="20220125 17:57:06.637"/>
</iter>
<iter>
<var name="${i}">6</var>
<kw name="Convert To Integer" library="BuiltIn">
<var>${i1}</var>
<arg>${i}</arg>
<doc>Converts the given item to an integer number.</doc>
<msg timestamp="20220125 17:57:06.638" level="INFO">${i1} = 6</msg>
<status status="PASS" starttime="20220125 17:57:06.637" endtime="20220125 17:57:06.638"/>
</kw>
<kw name="Get Element Count" library="SeleniumLibrary">
<var>${rows_final}</var>
<arg>xpath://*[@id="main_content"]/app-secured/section/app-idams/div[2]/div/div/div/app-system-maintenance-container/div/div[2]/app-providers/form/div/div[2]/div[2]/div[2]/roots-table/div/div/table/tbody/tr</arg>
<doc>Returns the number of elements matching ``locator``.</doc>
<msg timestamp="20220125 17:57:06.644" level="INFO">${rows_final} = 10</msg>
<status status="PASS" starttime="20220125 17:57:06.638" endtime="20220125 17:57:06.644"/>
</kw>
<kw name="Get Text" library="SeleniumLibrary">
<var>${Role_Name_Col}</var>
<arg>xpath://*[@id="main_content"]/app-secured/section/app-idams/div[2]/div/div/div/app-system-maintenance-container/div/div[2]/app-providers/form/div/div[2]/div[2]/div[2]/roots-table/div/div/table/tbody/tr[${i1}]/td[1]</arg>
<doc>Returns the text value of the element identified by ``locator``.</doc>
<msg timestamp="20220125 17:57:06.662" level="INFO">${Role_Name_Col} = SSN</msg>
<status status="PASS" starttime="20220125 17:57:06.644" endtime="20220125 17:57:06.662"/>
</kw>
<kw name="Get Text" library="SeleniumLibrary">
<var>${Role_Name_Co2}</var>
<arg>xpath://*[@id="main_content"]/app-secured/section/app-idams/div[2]/div/div/div/app-system-maintenance-container/div/div[2]/app-providers/form/div/div[2]/div[2]/div[2]/roots-table/div/div/table/tbody/tr[${i1}]/td[2]</arg>
<doc>Returns the text value of the element identified by ``locator``.</doc>
<msg timestamp="20220125 17:57:06.679" level="INFO">${Role_Name_Co2} = </msg>
<status status="PASS" starttime="20220125 17:57:06.662" endtime="20220125 17:57:06.679"/>
</kw>
<kw name="Log To Console" library="BuiltIn">
<arg>${Role_Name_Col} : ${Role_Name_Co2}</arg>
<doc>Logs the given message to the console.</doc>
<status status="PASS" starttime="20220125 17:57:06.679" endtime="20220125 17:57:06.679"/>
</kw>
<kw name="Exit For Loop If" library="BuiltIn">
<arg>${i1} == ${rows_final}</arg>
<doc>Stops executing the enclosing for loop if the ``condition`` is true.</doc>
<status status="PASS" starttime="20220125 17:57:06.679" endtime="20220125 17:57:06.680"/>
</kw>
<status status="PASS" starttime="20220125 17:57:06.637" endtime="20220125 17:57:06.680"/>
</iter>
<iter>
<var name="${i}">7</var>
<kw name="Convert To Integer" library="BuiltIn">
<var>${i1}</var>
<arg>${i}</arg>
<doc>Converts the given item to an integer number.</doc>
<msg timestamp="20220125 17:57:06.680" level="INFO">${i1} = 7</msg>
<status status="PASS" starttime="20220125 17:57:06.680" endtime="20220125 17:57:06.680"/>
</kw>
<kw name="Get Element Count" library="SeleniumLibrary">
<var>${rows_final}</var>
<arg>xpath://*[@id="main_content"]/app-secured/section/app-idams/div[2]/div/div/div/app-system-maintenance-container/div/div[2]/app-providers/form/div/div[2]/div[2]/div[2]/roots-table/div/div/table/tbody/tr</arg>
<doc>Returns the number of elements matching ``locator``.</doc>
<msg timestamp="20220125 17:57:06.687" level="INFO">${rows_final} = 10</msg>
<status status="PASS" starttime="20220125 17:57:06.680" endtime="20220125 17:57:06.687"/>
</kw>
<kw name="Get Text" library="SeleniumLibrary">
<var>${Role_Name_Col}</var>
<arg>xpath://*[@id="main_content"]/app-secured/section/app-idams/div[2]/div/div/div/app-system-maintenance-container/div/div[2]/app-providers/form/div/div[2]/div[2]/div[2]/roots-table/div/div/table/tbody/tr[${i1}]/td[1]</arg>
<doc>Returns the text value of the element identified by ``locator``.</doc>
<msg timestamp="20220125 17:57:06.710" level="INFO">${Role_Name_Col} = SSN</msg>
<status status="PASS" starttime="20220125 17:57:06.687" endtime="20220125 17:57:06.710"/>
</kw>
<kw name="Get Text" library="SeleniumLibrary">
<var>${Role_Name_Co2}</var>
<arg>xpath://*[@id="main_content"]/app-secured/section/app-idams/div[2]/div/div/div/app-system-maintenance-container/div/div[2]/app-providers/form/div/div[2]/div[2]/div[2]/roots-table/div/div/table/tbody/tr[${i1}]/td[2]</arg>
<doc>Returns the text value of the element identified by ``locator``.</doc>
<msg timestamp="20220125 17:57:06.733" level="INFO">${Role_Name_Co2} = </msg>
<status status="PASS" starttime="20220125 17:57:06.710" endtime="20220125 17:57:06.733"/>
</kw>
<kw name="Log To Console" library="BuiltIn">
<arg>${Role_Name_Col} : ${Role_Name_Co2}</arg>
<doc>Logs the given message to the console.</doc>
<status status="PASS" starttime="20220125 17:57:06.733" endtime="20220125 17:57:06.734"/>
</kw>
<kw name="Exit For Loop If" library="BuiltIn">
<arg>${i1} == ${rows_final}</arg>
<doc>Stops executing the enclosing for loop if the ``condition`` is true.</doc>
<status status="PASS" starttime="20220125 17:57:06.734" endtime="20220125 17:57:06.735"/>
</kw>
<status status="PASS" starttime="20220125 17:57:06.680" endtime="20220125 17:57:06.735"/>
</iter>
<iter>
<var name="${i}">8</var>
<kw name="Convert To Integer" library="BuiltIn">
<var>${i1}</var>
<arg>${i}</arg>
<doc>Converts the given item to an integer number.</doc>
<msg timestamp="20220125 17:57:06.735" level="INFO">${i1} = 8</msg>
<status status="PASS" starttime="20220125 17:57:06.735" endtime="20220125 17:57:06.735"/>
</kw>
<kw name="Get Element Count" library="SeleniumLibrary">
<var>${rows_final}</var>
<arg>xpath://*[@id="main_content"]/app-secured/section/app-idams/div[2]/div/div/div/app-system-maintenance-container/div/div[2]/app-providers/form/div/div[2]/div[2]/div[2]/roots-table/div/div/table/tbody/tr</arg>
<doc>Returns the number of elements matching ``locator``.</doc>
<msg timestamp="20220125 17:57:06.743" level="INFO">${rows_final} = 10</msg>
<status status="PASS" starttime="20220125 17:57:06.735" endtime="20220125 17:57:06.743"/>
</kw>
<kw name="Get Text" library="SeleniumLibrary">
<var>${Role_Name_Col}</var>
<arg>xpath://*[@id="main_content"]/app-secured/section/app-idams/div[2]/div/div/div/app-system-maintenance-container/div/div[2]/app-providers/form/div/div[2]/div[2]/div[2]/roots-table/div/div/table/tbody/tr[${i1}]/td[1]</arg>
<doc>Returns the text value of the element identified by ``locator``.</doc>
<msg timestamp="20220125 17:57:06.761" level="INFO">${Role_Name_Col} = SSN</msg>
<status status="PASS" starttime="20220125 17:57:06.743" endtime="20220125 17:57:06.761"/>
</kw>
<kw name="Get Text" library="SeleniumLibrary">
<var>${Role_Name_Co2}</var>
<arg>xpath://*[@id="main_content"]/app-secured/section/app-idams/div[2]/div/div/div/app-system-maintenance-container/div/div[2]/app-providers/form/div/div[2]/div[2]/div[2]/roots-table/div/div/table/tbody/tr[${i1}]/td[2]</arg>
<doc>Returns the text value of the element identified by ``locator``.</doc>
<msg timestamp="20220125 17:57:06.782" level="INFO">${Role_Name_Co2} = </msg>
<status status="PASS" starttime="20220125 17:57:06.761" endtime="20220125 17:57:06.782"/>
</kw>
<kw name="Log To Console" library="BuiltIn">
<arg>${Role_Name_Col} : ${Role_Name_Co2}</arg>
<doc>Logs the given message to the console.</doc>
<status status="PASS" starttime="20220125 17:57:06.782" endtime="20220125 17:57:06.782"/>
</kw>
<kw name="Exit For Loop If" library="BuiltIn">
<arg>${i1} == ${rows_final}</arg>
<doc>Stops executing the enclosing for loop if the ``condition`` is true.</doc>
<status status="PASS" starttime="20220125 17:57:06.782" endtime="20220125 17:57:06.783"/>
</kw>
<status status="PASS" starttime="20220125 17:57:06.735" endtime="20220125 17:57:06.783"/>
</iter>
<iter>
<var name="${i}">9</var>
<kw name="Convert To Integer" library="BuiltIn">
<var>${i1}</var>
<arg>${i}</arg>
<doc>Converts the given item to an integer number.</doc>
<msg timestamp="20220125 17:57:06.783" level="INFO">${i1} = 9</msg>
<status status="PASS" starttime="20220125 17:57:06.783" endtime="20220125 17:57:06.783"/>
</kw>
<kw name="Get Element Count" library="SeleniumLibrary">
<var>${rows_final}</var>
<arg>xpath://*[@id="main_content"]/app-secured/section/app-idams/div[2]/div/div/div/app-system-maintenance-container/div/div[2]/app-providers/form/div/div[2]/div[2]/div[2]/roots-table/div/div/table/tbody/tr</arg>
<doc>Returns the number of elements matching ``locator``.</doc>
<msg timestamp="20220125 17:57:06.790" level="INFO">${rows_final} = 10</msg>
<status status="PASS" starttime="20220125 17:57:06.783" endtime="20220125 17:57:06.790"/>
</kw>
<kw name="Get Text" library="SeleniumLibrary">
<var>${Role_Name_Col}</var>
<arg>xpath://*[@id="main_content"]/app-secured/section/app-idams/div[2]/div/div/div/app-system-maintenance-container/div/div[2]/app-providers/form/div/div[2]/div[2]/div[2]/roots-table/div/div/table/tbody/tr[${i1}]/td[1]</arg>
<doc>Returns the text value of the element identified by ``locator``.</doc>
<msg timestamp="20220125 17:57:06.812" level="INFO">${Role_Name_Col} = SSN</msg>
<status status="PASS" starttime="20220125 17:57:06.791" endtime="20220125 17:57:06.812"/>
</kw>
<kw name="Get Text" library="SeleniumLibrary">
<var>${Role_Name_Co2}</var>
<arg>xpath://*[@id="main_content"]/app-secured/section/app-idams/div[2]/div/div/div/app-system-maintenance-container/div/div[2]/app-providers/form/div/div[2]/div[2]/div[2]/roots-table/div/div/table/tbody/tr[${i1}]/td[2]</arg>
<doc>Returns the text value of the element identified by ``locator``.</doc>
<msg timestamp="20220125 17:57:06.832" level="INFO">${Role_Name_Co2} = </msg>
<status status="PASS" starttime="20220125 17:57:06.812" endtime="20220125 17:57:06.832"/>
</kw>
<kw name="Log To Console" library="BuiltIn">
<arg>${Role_Name_Col} : ${Role_Name_Co2}</arg>
<doc>Logs the given message to the console.</doc>
<status status="PASS" starttime="20220125 17:57:06.832" endtime="20220125 17:57:06.833"/>
</kw>
<kw name="Exit For Loop If" library="BuiltIn">
<arg>${i1} == ${rows_final}</arg>
<doc>Stops executing the enclosing for loop if the ``condition`` is true.</doc>
<status status="PASS" starttime="20220125 17:57:06.833" endtime="20220125 17:57:06.833"/>
</kw>
<status status="PASS" starttime="20220125 17:57:06.783" endtime="20220125 17:57:06.833"/>
</iter>
<status status="PASS" starttime="20220125 17:57:06.372" endtime="20220125 17:57:06.833"/>
</for>
<kw name="Click Button" library="SeleniumLibrary">
<arg>Next</arg>
<doc>Clicks the button identified by ``locator``.</doc>
<msg timestamp="20220125 17:57:06.833" level="INFO">Clicking button 'Next'.</msg>
<status status="PASS" starttime="20220125 17:57:06.833" endtime="20220125 17:57:06.875"/>
</kw>
<kw name="Sleep" library="BuiltIn">
<arg>15s</arg>
<doc>Pauses the test executed for the given time.</doc>
<msg timestamp="20220125 17:57:21.884" level="INFO">Slept 15 seconds</msg>
<status status="PASS" starttime="20220125 17:57:06.875" endtime="20220125 17:57:21.884"/>
</kw>
<kw name="Log To Console" library="BuiltIn">
<arg>Pagination:${x}</arg>
<doc>Logs the given message to the console.</doc>
<status status="PASS" starttime="20220125 17:57:21.884" endtime="20220125 17:57:21.885"/>
</kw>
<status status="PASS" starttime="20220125 17:57:06.372" endtime="20220125 17:57:21.885"/>
</iter>
<iter>
<var name="${x}">2.0</var>
<for flavor="IN RANGE">
<var>${i}</var>
<value>1</value>
<value>10</value>
<iter>
<var name="${i}">1</var>
<kw name="Convert To Integer" library="BuiltIn">
<var>${i1}</var>
<arg>${i}</arg>
<doc>Converts the given item to an integer number.</doc>
[...]
</kw>
<kw name="Log To Console" library="BuiltIn">
<arg>${Role_Name_Col} : ${Role_Name_Co2}</arg>
<doc>Logs the given message to the console.</doc>
<status status="PASS" starttime="20220125 18:02:20.874" endtime="20220125 18:02:20.874"/>
</kw>
<kw name="Exit For Loop If" library="BuiltIn">
<arg>${i1} == ${rows_final}</arg>
<doc>Stops executing the enclosing for loop if the ``condition`` is true.</doc>
<status status="PASS" starttime="20220125 18:02:20.874" endtime="20220125 18:02:20.875"/>
</kw>
<status status="PASS" starttime="20220125 18:02:20.826" endtime="20220125 18:02:20.875"/>
</iter>
<iter>
<var name="${i}">4</var>
<kw name="Convert To Integer" library="BuiltIn">
<var>${i1}</var>
<arg>${i}</arg>
<doc>Converts the given item to an integer number.</doc>
<msg timestamp="20220125 18:02:20.875" level="INFO">${i1} = 4</msg>
<status status="PASS" starttime="20220125 18:02:20.875" endtime="20220125 18:02:20.875"/>
</kw>
<kw name="Get Element Count" library="SeleniumLibrary">
<var>${rows_final}</var>
<arg>xpath://*[@id="main_content"]/app-secured/section/app-idams/div[2]/div/div/div/app-system-maintenance-container/div/div[2]/app-providers/form/div/div[2]/div[2]/div[2]/roots-table/div/div/table/tbody/tr</arg>
<doc>Returns the number of elements matching ``locator``.</doc>
<msg timestamp="20220125 18:02:20.884" level="INFO">${rows_final} = 9</msg>
<status status="PASS" starttime="20220125 18:02:20.875" endtime="20220125 18:02:20.884"/>
</kw>
<kw name="Get Text" library="SeleniumLibrary">
<var>${Role_Name_Col}</var>
<arg>xpath://*[@id="main_content"]/app-secured/section/app-idams/div[2]/div/div/div/app-system-maintenance-container/div/div[2]/app-providers/form/div/div[2]/div[2]/div[2]/roots-table/div/div/table/tbody/tr[${i1}]/td[1]</arg>
<doc>Returns the text value of the element identified by ``locator``.</doc>
<msg timestamp="20220125 18:02:20.904" level="INFO">${Role_Name_Col} = Federal Tax ID</msg>
<status status="PASS" starttime="20220125 18:02:20.884" endtime="20220125 18:02:20.904"/>
</kw>
<kw name="Get Text" library="SeleniumLibrary">
<var>${Role_Name_Co2}</var>
<arg>xpath://*[@id="main_content"]/app-secured/section/app-idams/div[2]/div/div/div/app-system-maintenance-container/div/div[2]/app-providers/form/div/div[2]/div[2]/div[2]/roots-table/div/div/table/tbody/tr[${i1}]/td[2]</arg>
<doc>Returns the text value of the element identified by ``locator``.</doc>
<msg timestamp="20220125 18:02:20.922" level="INFO">${Role_Name_Co2} = 231390618</msg>
<status status="PASS" starttime="20220125 18:02:20.905" endtime="20220125 18:02:20.922"/>
</kw>
<kw name="Log To Console" library="BuiltIn">
<arg>${Role_Name_Col} : ${Role_Name_Co2}</arg>
<doc>Logs the given message to the console.</doc>
<status status="PASS" starttime="20220125 18:02:20.922" endtime="20220125 18:02:20.923"/>
</kw>
<kw name="Exit For Loop If" library="BuiltIn">
<arg>${i1} == ${rows_final}</arg>
<doc>Stops executing the enclosing for loop if the ``condition`` is true.</doc>
<status status="PASS" starttime="20220125 18:02:20.923" endtime="20220125 18:02:20.923"/>
</kw>
<status status="PASS" starttime="20220125 18:02:20.875" endtime="20220125 18:02:20.923"/>
</iter>
<iter>
<var name="${i}">5</var>
<kw name="Convert To Integer" library="BuiltIn">
<var>${i1}</var>
<arg>${i}</arg>
<doc>Converts the given item to an integer number.</doc>
<msg timestamp="20220125 18:02:20.923" level="INFO">${i1} = 5</msg>
<status status="PASS" starttime="20220125 18:02:20.923" endtime="20220125 18:02:20.923"/>
</kw>
<kw name="Get Element Count" library="SeleniumLibrary">
<var>${rows_final}</var>
<arg>xpath://*[@id="main_content"]/app-secured/section/app-idams/div[2]/div/div/div/app-system-maintenance-container/div/div[2]/app-providers/form/div/div[2]/div[2]/div[2]/roots-table/div/div/table/tbody/tr</arg>
<doc>Returns the number of elements matching ``locator``.</doc>
<msg timestamp="20220125 18:02:20.930" level="INFO">${rows_final} = 9</msg>
<status status="PASS" starttime="20220125 18:02:20.924" endtime="20220125 18:02:20.930"/>
</kw>
<kw name="Get Text" library="SeleniumLibrary">
<var>${Role_Name_Col}</var>
<arg>xpath://*[@id="main_content"]/app-secured/section/app-idams/div[2]/div/div/div/app-system-maintenance-container/div/div[2]/app-providers/form/div/div[2]/div[2]/div[2]/roots-table/div/div/table/tbody/tr[${i1}]/td[1]</arg>
<doc>Returns the text value of the element identified by ``locator``.</doc>
<msg timestamp="20220125 18:02:20.951" level="INFO">${Role_Name_Col} = Federal Tax ID</msg>
<status status="PASS" starttime="20220125 18:02:20.931" endtime="20220125 18:02:20.951"/>
</kw>
<kw name="Get Text" library="SeleniumLibrary">
<var>${Role_Name_Co2}</var>
<arg>xpath://*[@id="main_content"]/app-secured/section/app-idams/div[2]/div/div/div/app-system-maintenance-container/div/div[2]/app-providers/form/div/div[2]/div[2]/div[2]/roots-table/div/div/table/tbody/tr[${i1}]/td[2]</arg>
<doc>Returns the text value of the element identified by ``locator``.</doc>
<msg timestamp="20220125 18:02:20.973" level="INFO">${Role_Name_Co2} = 222406619</msg>
<status status="PASS" starttime="20220125 18:02:20.952" endtime="20220125 18:02:20.973"/>
</kw>
<kw name="Log To Console" library="BuiltIn">
<arg>${Role_Name_Col} : ${Role_Name_Co2}</arg>
<doc>Logs the given message to the console.</doc>
<status status="PASS" starttime="20220125 18:02:20.973" endtime="20220125 18:02:20.973"/>
</kw>
<kw name="Exit For Loop If" library="BuiltIn">
<arg>${i1} == ${rows_final}</arg>
<doc>Stops executing the enclosing for loop if the ``condition`` is true.</doc>
<status status="PASS" starttime="20220125 18:02:20.973" endtime="20220125 18:02:20.974"/>
</kw>
<status status="PASS" starttime="20220125 18:02:20.923" endtime="20220125 18:02:20.974"/>
</iter>
<iter>
<var name="${i}">6</var>
<kw name="Convert To Integer" library="BuiltIn">
<var>${i1}</var>
<arg>${i}</arg>
<doc>Converts the given item to an integer number.</doc>
<msg timestamp="20220125 18:02:20.974" level="INFO">${i1} = 6</msg>
<status status="PASS" starttime="20220125 18:02:20.974" endtime="20220125 18:02:20.974"/>
</kw>
<kw name="Get Element Count" library="SeleniumLibrary">
<var>${rows_final}</var>
<arg>xpath://*[@id="main_content"]/app-secured/section/app-idams/div[2]/div/div/div/app-system-maintenance-container/div/div[2]/app-providers/form/div/div[2]/div[2]/div[2]/roots-table/div/div/table/tbody/tr</arg>
<doc>Returns the number of elements matching ``locator``.</doc>
<msg timestamp="20220125 18:02:20.988" level="INFO">${rows_final} = 9</msg>
<status status="PASS" starttime="20220125 18:02:20.974" endtime="20220125 18:02:20.988"/>
</kw>
<kw name="Get Text" library="SeleniumLibrary">
<var>${Role_Name_Col}</var>
<arg>xpath://*[@id="main_content"]/app-secured/section/app-idams/div[2]/div/div/div/app-system-maintenance-container/div/div[2]/app-providers/form/div/div[2]/div[2]/div[2]/roots-table/div/div/table/tbody/tr[${i1}]/td[1]</arg>
<doc>Returns the text value of the element identified by ``locator``.</doc>
<msg timestamp="20220125 18:02:21.013" level="INFO">${Role_Name_Col} = Federal Tax ID</msg>
<status status="PASS" starttime="20220125 18:02:20.988" endtime="20220125 18:02:21.013"/>
</kw>
<kw name="Get Text" library="SeleniumLibrary">
<var>${Role_Name_Co2}</var>
<arg>xpath://*[@id="main_content"]/app-secured/section/app-idams/div[2]/div/div/div/app-system-maintenance-container/div/div[2]/app-providers/form/div/div[2]/div[2]/div[2]/roots-table/div/div/table/tbody/tr[${i1}]/td[2]</arg>
<doc>Returns the text value of the element identified by ``locator``.</doc>
<msg timestamp="20220125 18:02:21.035" level="INFO">${Role_Name_Co2} = 181693220</msg>
<status status="PASS" starttime="20220125 18:02:21.013" endtime="20220125 18:02:21.035"/>
</kw>
<kw name="Log To Console" library="BuiltIn">
<arg>${Role_Name_Col} : ${Role_Name_Co2}</arg>
<doc>Logs the given message to the console.</doc>
<status status="PASS" starttime="20220125 18:02:21.036" endtime="20220125 18:02:21.036"/>
</kw>
<kw name="Exit For Loop If" library="BuiltIn">
<arg>${i1} == ${rows_final}</arg>
<doc>Stops executing the enclosing for loop if the ``condition`` is true.</doc>
<status status="PASS" starttime="20220125 18:02:21.036" endtime="20220125 18:02:21.036"/>
</kw>
<status status="PASS" starttime="20220125 18:02:20.974" endtime="20220125 18:02:21.036"/>
</iter>
<iter>
<var name="${i}">7</var>
<kw name="Convert To Integer" library="BuiltIn">
<var>${i1}</var>
<arg>${i}</arg>
<doc>Converts the given item to an integer number.</doc>
<msg timestamp="20220125 18:02:21.037" level="INFO">${i1} = 7</msg>
<status status="PASS" starttime="20220125 18:02:21.036" endtime="20220125 18:02:21.037"/>
</kw>
<kw name="Get Element Count" library="SeleniumLibrary">
<var>${rows_final}</var>
<arg>xpath://*[@id="main_content"]/app-secured/section/app-idams/div[2]/div/div/div/app-system-maintenance-container/div/div[2]/app-providers/form/div/div[2]/div[2]/div[2]/roots-table/div/div/table/tbody/tr</arg>
<doc>Returns the number of elements matching ``locator``.</doc>
<msg timestamp="20220125 18:02:21.045" level="INFO">${rows_final} = 9</msg>
<status status="PASS" starttime="20220125 18:02:21.037" endtime="20220125 18:02:21.045"/>
</kw>
<kw name="Get Text" library="SeleniumLibrary">
<var>${Role_Name_Col}</var>
<arg>xpath://*[@id="main_content"]/app-secured/section/app-idams/div[2]/div/div/div/app-system-maintenance-container/div/div[2]/app-providers/form/div/div[2]/div[2]/div[2]/roots-table/div/div/table/tbody/tr[${i1}]/td[1]</arg>
<doc>Returns the text value of the element identified by ``locator``.</doc>
<msg timestamp="20220125 18:02:21.067" level="INFO">${Role_Name_Col} = Federal Tax ID</msg>
<status status="PASS" starttime="20220125 18:02:21.045" endtime="20220125 18:02:21.067"/>
</kw>
<kw name="Get Text" library="SeleniumLibrary">
<var>${Role_Name_Co2}</var>
<arg>xpath://*[@id="main_content"]/app-secured/section/app-idams/div[2]/div/div/div/app-system-maintenance-container/div/div[2]/app-providers/form/div/div[2]/div[2]/div[2]/roots-table/div/div/table/tbody/tr[${i1}]/td[2]</arg>
<doc>Returns the text value of the element identified by ``locator``.</doc>
<msg timestamp="20220125 18:02:21.093" level="INFO">${Role_Name_Co2} = 231212</msg>
<status status="PASS" starttime="20220125 18:02:21.067" endtime="20220125 18:02:21.093"/>
</kw>
<kw name="Log To Console" library="BuiltIn">
<arg>${Role_Name_Col} : ${Role_Name_Co2}</arg>
<doc>Logs the given message to the console.</doc>
<status status="PASS" starttime="20220125 18:02:21.093" endtime="20220125 18:02:21.093"/>
</kw>
<kw name="Exit For Loop If" library="BuiltIn">
<arg>${i1} == ${rows_final}</arg>
<doc>Stops executing the enclosing for loop if the ``condition`` is true.</doc>
<status status="PASS" starttime="20220125 18:02:21.093" endtime="20220125 18:02:21.094"/>
</kw>
<status status="PASS" starttime="20220125 18:02:21.036" endtime="20220125 18:02:21.094"/>
</iter>
<iter>
<var name="${i}">8</var>
<kw name="Convert To Integer" library="BuiltIn">
<var>${i1}</var>
<arg>${i}</arg>
<doc>Converts the given item to an integer number.</doc>
<msg timestamp="20220125 18:02:21.095" level="INFO">${i1} = 8</msg>
<status status="PASS" starttime="20220125 18:02:21.094" endtime="20220125 18:02:21.095"/>
</kw>
<kw name="Get Element Count" library="SeleniumLibrary">
<var>${rows_final}</var>
<arg>xpath://*[@id="main_content"]/app-secured/section/app-idams/div[2]/div/div/div/app-system-maintenance-container/div/div[2]/app-providers/form/div/div[2]/div[2]/div[2]/roots-table/div/div/table/tbody/tr</arg>
<doc>Returns the number of elements matching ``locator``.</doc>
<msg timestamp="20220125 18:02:21.109" level="INFO">${rows_final} = 9</msg>
<status status="PASS" starttime="20220125 18:02:21.095" endtime="20220125 18:02:21.109"/>
</kw>
<kw name="Get Text" library="SeleniumLibrary">
<var>${Role_Name_Col}</var>
<arg>xpath://*[@id="main_content"]/app-secured/section/app-idams/div[2]/div/div/div/app-system-maintenance-container/div/div[2]/app-providers/form/div/div[2]/div[2]/div[2]/roots-table/div/div/table/tbody/tr[${i1}]/td[1]</arg>
<doc>Returns the text value of the element identified by ``locator``.</doc>
<msg timestamp="20220125 18:02:21.144" level="INFO">${Role_Name_Col} = Federal Tax ID</msg>
<status status="PASS" starttime="20220125 18:02:21.109" endtime="20220125 18:02:21.144"/>
</kw>
<kw name="Get Text" library="SeleniumLibrary">
<var>${Role_Name_Co2}</var>
<arg>xpath://*[@id="main_content"]/app-secured/section/app-idams/div[2]/div/div/div/app-system-maintenance-container/div/div[2]/app-providers/form/div/div[2]/div[2]/div[2]/roots-table/div/div/table/tbody/tr[${i1}]/td[2]</arg>
<doc>Returns the text value of the element identified by ``locator``.</doc>
<msg timestamp="20220125 18:02:21.177" level="INFO">${Role_Name_Co2} = 43175021</msg>
<status status="PASS" starttime="20220125 18:02:21.144" endtime="20220125 18:02:21.178"/>
</kw>
<kw name="Log To Console" library="BuiltIn">
<arg>${Role_Name_Col} : ${Role_Name_Co2}</arg>
<doc>Logs the given message to the console.</doc>
<status status="PASS" starttime="20220125 18:02:21.178" endtime="20220125 18:02:21.178"/>
</kw>
<kw name="Exit For Loop If" library="BuiltIn">
<arg>${i1} == ${rows_final}</arg>
<doc>Stops executing the enclosing for loop if the ``condition`` is true.</doc>
<status status="PASS" starttime="20220125 18:02:21.178" endtime="20220125 18:02:21.179"/>
</kw>
<status status="PASS" starttime="20220125 18:02:21.094" endtime="20220125 18:02:21.179"/>
</iter>
<iter>
<var name="${i}">9</var>
<kw name="Convert To Integer" library="BuiltIn">
<var>${i1}</var>
<arg>${i}</arg>
<doc>Converts the given item to an integer number.</doc>
<msg timestamp="20220125 18:02:21.179" level="INFO">${i1} = 9</msg>
<status status="PASS" starttime="20220125 18:02:21.179" endtime="20220125 18:02:21.179"/>
</kw>
<kw name="Get Element Count" library="SeleniumLibrary">
<var>${rows_final}</var>
<arg>xpath://*[@id="main_content"]/app-secured/section/app-idams/div[2]/div/div/div/app-system-maintenance-container/div/div[2]/app-providers/form/div/div[2]/div[2]/div[2]/roots-table/div/div/table/tbody/tr</arg>
<doc>Returns the number of elements matching ``locator``.</doc>
<msg timestamp="20220125 18:02:21.189" level="INFO">${rows_final} = 9</msg>
<status status="PASS" starttime="20220125 18:02:21.179" endtime="20220125 18:02:21.189"/>
</kw>
<kw name="Get Text" library="SeleniumLibrary">
<var>${Role_Name_Col}</var>
<arg>xpath://*[@id="main_content"]/app-secured/section/app-idams/div[2]/div/div/div/app-system-maintenance-container/div/div[2]/app-providers/form/div/div[2]/div[2]/div[2]/roots-table/div/div/table/tbody/tr[${i1}]/td[1]</arg>
<doc>Returns the text value of the element identified by ``locator``.</doc>
<msg timestamp="20220125 18:02:21.217" level="INFO">${Role_Name_Col} = </msg>
<status status="PASS" starttime="20220125 18:02:21.189" endtime="20220125 18:02:21.218"/>
</kw>
<kw name="Get Text" library="SeleniumLibrary">
<var>${Role_Name_Co2}</var>
<arg>xpath://*[@id="main_content"]/app-secured/section/app-idams/div[2]/div/div/div/app-system-maintenance-container/div/div[2]/app-providers/form/div/div[2]/div[2]/div[2]/roots-table/div/div/table/tbody/tr[${i1}]/td[2]</arg>
<doc>Returns the text value of the element identified by ``locator``.</doc>
<msg timestamp="20220125 18:02:21.251" level="INFO">${Role_Name_Co2} = 43153285</msg>
<status status="PASS" starttime="20220125 18:02:21.218" endtime="20220125 18:02:21.251"/>
</kw>
<kw name="Log To Console" library="BuiltIn">
<arg>${Role_Name_Col} : ${Role_Name_Co2}</arg>
<doc>Logs the given message to the console.</doc>
<status status="PASS" starttime="20220125 18:02:21.252" endtime="20220125 18:02:21.252"/>
</kw>
<kw name="Exit For Loop If" library="BuiltIn">
<arg>${i1} == ${rows_final}</arg>
<doc>Stops executing the enclosing for loop if the ``condition`` is true.</doc>
<msg timestamp="20220125 18:02:21.254" level="INFO">Exiting for loop altogether.</msg>
<status status="PASS" starttime="20220125 18:02:21.252" endtime="20220125 18:02:21.254"/>
</kw>
<status status="PASS" starttime="20220125 18:02:21.179" endtime="20220125 18:02:21.254"/>
</iter>
<status status="PASS" starttime="20220125 18:02:20.688" endtime="20220125 18:02:21.254"/>
</for>
<kw name="Click Button" library="SeleniumLibrary">
<arg>Next</arg>
<doc>Clicks the button identified by ``locator``.</doc>
<msg timestamp="20220125 18:02:21.254" level="INFO">Clicking button 'Next'.</msg>
<status status="PASS" starttime="20220125 18:02:21.254" endtime="20220125 18:02:21.313"/>
</kw>
<kw name="Sleep" library="BuiltIn">
<arg>15s</arg>
<doc>Pauses the test executed for the given time.</doc>
<msg timestamp="20220125 18:02:36.327" level="INFO">Slept 15 seconds</msg>
<status status="PASS" starttime="20220125 18:02:21.313" endtime="20220125 18:02:36.327"/>
</kw>
<kw name="Log To Console" library="BuiltIn">
<arg>Pagination:${x}</arg>
<doc>Logs the given message to the console.</doc>
<status status="PASS" starttime="20220125 18:02:36.327" endtime="20220125 18:02:36.327"/>
</kw>
<status status="PASS" starttime="20220125 18:02:20.688" endtime="20220125 18:02:36.327"/>
</iter>
<status status="PASS" starttime="20220125 17:56:50.783" endtime="20220125 18:02:36.327"/>
</for>
<status status="PASS" starttime="20220125 17:56:50.783" endtime="20220125 18:02:36.329"/>
</branch>
<status status="PASS" starttime="20220125 17:56:50.782" endtime="20220125 18:02:36.329"/>
</if>
<kw name="Close All Browsers" library="SeleniumLibrary">
<doc>Closes all open browsers and resets the browser cache.</doc>
<status status="PASS" starttime="20220125 18:02:36.329" endtime="20220125 18:02:38.726"/>
</kw>
<status status="PASS" starttime="20220125 17:56:30.735" endtime="20220125 18:02:38.727"/>
</kw>
<kw name="Log To Console" library="BuiltIn">
<arg>**** Test case is Passed *****</arg>
<doc>Logs the given message to the console.</doc>
<status status="PASS" starttime="20220125 18:02:38.727" endtime="20220125 18:02:38.728"/>
</kw>
<tag>Functional</tag>
<tag>Regression</tag>
<tag>Sanity</tag>
<status status="PASS" starttime="20220125 17:54:32.452" endtime="20220125 18:02:38.728"/>
</test>
<doc>MiCAVS WEB APPLICATION TESTING</doc>
<status status="FAIL" starttime="20220125 17:52:15.735" endtime="20220125 18:02:38.728"/>
</suite>
<status status="FAIL" starttime="20220125 17:52:15.704" endtime="20220125 18:02:38.728"/>
</suite>
<statistics>
<total>
<stat pass="3" fail="1" skip="0">All Tests</stat>
</total>
<tag>
<stat pass="3" fail="1" skip="0">Functional</stat>
<stat pass="3" fail="1" skip="0">Regression</stat>
<stat pass="3" fail="1" skip="0">Sanity</stat>
</tag>
<suite>
<stat pass="3" fail="1" skip="0" id="s1" name="Administration">Administration</stat>
<stat pass="3" fail="1" skip="0" id="s1-s1" name="Admin-ManageOrganizations">Administration.Admin-ManageOrganizations</stat>
</suite>
</statistics>
<errors>
<msg timestamp="20220125 17:52:15.700" level="ERROR">Taking listener 'RobotStackTracer' into use failed: Importing listener 'RobotStackTracer' failed: ModuleNotFoundError: No module named 'RobotStackTracer'
Traceback (most recent call last):
  None
PYTHONPATH:
  C:\Users\Bhanu.Battu\automation\Scripts\robot.exe
  c:\users\bhanu.battu\automation\python39.zip
  c:\users\bhanu.battu\automation\DLLs
  c:\users\bhanu.battu\automation\lib
  c:\users\bhanu.battu\automation
  C:\Users\Bhanu.Battu\AppData\Roaming\Python\Python39\site-packages
  c:\users\bhanu.battu\automation\lib\site-packages
  c:\users\bhanu.battu\automation\lib\site-packages\win32
  c:\users\bhanu.battu\automation\lib\site-packages\win32\lib
  c:\users\bhanu.battu\automation\lib\site-packages\Pythonwin</msg>
<msg timestamp="20220125 17:52:15.982" level="ERROR">Error in file 'C:\Users\Bhanu.Battu\PycharmProjects\TestProject\TestCases\Administration\Admin-ManageOrganizations.robot' on line 7: Variable file '..\TestData\TestData.py' does not exist.</msg>
</errors>
</robot>
